mod	trans_guid	split_guid	time_now	date_entered	date_posted	acc_guid	acc_name	num	description	notes	memo	action	reconciled	amount	value	date_reconciled
-----------------
===== START
D	1f5dcf7b3df74d4099ca592c9c8fcd6f	002300a79cfa40a9b7fdd6bf676c651e	2024-04-04 01:29:21	2024-04-04 01:29:21	2024-04-01 10:59:00								n	0/1	0/100	1970-01-01 00:00:00
===== END
===== START
D	48b075b2f510489aa2fad1c9f312291b	94ea9e7f0cc542de8f4cfbc0bbc9943d	2024-04-04 01:29:22	2024-04-04 01:29:22	2024-04-01 10:59:00								n	0/1	0/100	1970-01-01 00:00:00
===== END
===== START
D	94e595ffd3c247e3b46a50022a60545d	0e23979e92e3476eb080a895e3772ca0	2024-04-04 01:29:23	2024-04-04 01:29:23	2024-04-01 10:59:00								n	0/1	0/100	1970-01-01 00:00:00
===== END
===== START
D	c9b82611623141b28205374ed3bdd1ba	82fc2ce908474bf79a0911ea8c67a3e2	2024-04-04 01:29:24	2024-04-04 01:29:24	2024-04-01 10:59:00								n	0/1	0/100	1970-01-01 00:00:00
===== END
===== START
D	82294d5788314f4eaeae020053289fad	d0bce2838cbc4ff48a8e3ea4d68a0af1	2024-04-04 01:29:25	2024-04-04 01:29:25	2024-04-01 10:59:00								n	0/1	0/100	1970-01-01 00:00:00
===== END
===== START
D	bc822143bad04dc1a2e65e0c1cb3ea33	cec7a68c0f08475c9829060795dfa388	2024-04-04 01:29:26	2024-04-04 01:29:26	2024-04-01 10:59:00								n	0/1	0/100	1970-01-01 00:00:00
===== END
===== START
D	f8eae8e9db054853b6d6e5fa51d3eb4d	956b7d3876d94e3688343a6b25f238c8	2024-04-04 01:29:29	2024-04-04 01:29:29	2024-04-01 10:59:00								n	0/1	0/100	1970-01-01 00:00:00
===== END
===== START
===== END
===== START
===== END
===== START
B	416933810def486f97b55d41063a1039	d3b0bacfa6684ca988e72ddfae2c57e8	2024-04-04 01:30:37	2024-04-02 04:25:32	2024-01-16 10:59:00	4f438bacbf1c4b56b6cf261f88473b61	Charity Account		VENMO CASHOUT 240113 1031892914118 PAYPAL JOE				c	128223/100	128223/100	2024-04-02 04:25:32
B	416933810def486f97b55d41063a1039	446dad0e2b82424cbf830383246343a5	2024-04-04 01:30:37	2024-04-02 04:25:32	2024-01-16 10:59:00	2c56b96f6cbe43a6a315b599e0dac3fa	Imbalance-USD		VENMO CASHOUT 240113 1031892914118 PAYPAL JOE				n	-128223/100	-128223/100	1970-01-01 00:00:00
===== END
===== START
C	416933810def486f97b55d41063a1039	d3b0bacfa6684ca988e72ddfae2c57e8	2024-04-04 01:30:37	2024-04-02 04:25:32	2024-01-16 10:59:00	4f438bacbf1c4b56b6cf261f88473b61	Charity Account		VENMO CASHOUT 240113 1031892914118 PAYPAL JOE				c	128223/100	128223/100	2024-04-02 04:25:32
C	416933810def486f97b55d41063a1039	446dad0e2b82424cbf830383246343a5	2024-04-04 01:30:37	2024-04-02 04:25:32	2024-01-16 10:59:00	2ffc5948156142e484df9270db51406c	Venmo		VENMO CASHOUT 240113 1031892914118 PAYPAL JOE				n	-128223/100	-128223/100	1970-01-01 00:00:00
===== END
