mod	trans_guid	split_guid	time_now	date_entered	date_posted	acc_guid	acc_name	num	description	notes	memo	action	reconciled	amount	value	date_reconciled
-----------------
===== START
===== END
===== START
===== END
===== START
===== END
===== START
===== END
===== START
===== END
===== START
===== END
===== START
C	c5e72bc3c0f146bfa05ee0c4f05e6ab2	e8a10bca4a96459aaf4d24aca02d7d04	2024-04-02 04:25:32	2024-04-02 04:25:32	2023-10-20 10:59:00	4f438bacbf1c4b56b6cf261f88473b61	Charity Account		MOBILE DEPOSIT : REF NUMBER :314200555233				c	74585/100	74585/100	2024-04-02 04:25:32
C	c5e72bc3c0f146bfa05ee0c4f05e6ab2	d5fd66d5ef2d4b10a84175794946656f	2024-04-02 04:25:32	2024-04-02 04:25:32	2023-10-20 10:59:00	2c56b96f6cbe43a6a315b599e0dac3fa	Imbalance-USD		MOBILE DEPOSIT : REF NUMBER :314200555233				n	-74585/100	-74585/100	1970-01-01 00:00:00
===== END
===== START
C	421a1b379e844b76ac2c0d4ac8176396	9c383d7d327c46ac9774665c4258630e	2024-04-02 04:25:32	2024-04-02 04:25:32	2023-10-30 10:59:00	4f438bacbf1c4b56b6cf261f88473b61	Charity Account		CHECK # 223				c	-153750/100	-153750/100	2024-04-02 04:25:32
C	421a1b379e844b76ac2c0d4ac8176396	d1bf97a6259f483b8b6bb93e85b4eebc	2024-04-02 04:25:32	2024-04-02 04:25:32	2023-10-30 10:59:00	2c56b96f6cbe43a6a315b599e0dac3fa	Imbalance-USD		CHECK # 223				n	153750/100	153750/100	1970-01-01 00:00:00
===== END
===== START
C	8c25cbbb86004f03a1bc3e82b2146c21	9ff29ace4de14d2aad38ee5b6290872a	2024-04-02 04:25:32	2024-04-02 04:25:32	2023-10-31 10:59:00	4f438bacbf1c4b56b6cf261f88473b61	Charity Account		DEPOSITED OR CASHED CHECK # 224				c	-1222500/100	-1222500/100	2024-04-02 04:25:32
C	8c25cbbb86004f03a1bc3e82b2146c21	997e1249429c4c70973363c4ad878f32	2024-04-02 04:25:32	2024-04-02 04:25:32	2023-10-31 10:59:00	2c56b96f6cbe43a6a315b599e0dac3fa	Imbalance-USD		DEPOSITED OR CASHED CHECK # 224				n	1222500/100	1222500/100	1970-01-01 00:00:00
===== END
===== START
C	96713bb37a82423ca0bfd7f3d06d98df	8f7b8087ee104834a014f2cb7cb8ee2f	2024-04-02 04:25:32	2024-04-02 04:25:32	2023-11-08 10:59:00	4f438bacbf1c4b56b6cf261f88473b61	Charity Account		MOBILE DEPOSIT : REF NUMBER :517080544693				c	10619/100	10619/100	2024-04-02 04:25:32
C	96713bb37a82423ca0bfd7f3d06d98df	fee45dcf32e84366b42ff81521a8a67f	2024-04-02 04:25:32	2024-04-02 04:25:32	2023-11-08 10:59:00	2c56b96f6cbe43a6a315b599e0dac3fa	Imbalance-USD		MOBILE DEPOSIT : REF NUMBER :517080544693				n	-10619/100	-10619/100	1970-01-01 00:00:00
===== END
===== START
C	1894cd24c2474ec082c257ce11abfb05	90fcfba0499c4f689f2277a1879365e9	2024-04-02 04:25:32	2024-04-02 04:25:32	2023-12-04 10:59:00	4f438bacbf1c4b56b6cf261f88473b61	Charity Account		Zeffy US Zeffy US ST-O3F4S5T1D5S3 ACTIVE 20 30 OF TUCSON				c	100/100	100/100	2024-04-02 04:25:32
C	1894cd24c2474ec082c257ce11abfb05	250184891f6f440fbd2b6dfaf5e13cca	2024-04-02 04:25:32	2024-04-02 04:25:32	2023-12-04 10:59:00	2c56b96f6cbe43a6a315b599e0dac3fa	Imbalance-USD		Zeffy US Zeffy US ST-O3F4S5T1D5S3 ACTIVE 20 30 OF TUCSON				n	-100/100	-100/100	1970-01-01 00:00:00
===== END
===== START
C	416933810def486f97b55d41063a1039	d3b0bacfa6684ca988e72ddfae2c57e8	2024-04-02 04:25:32	2024-04-02 04:25:32	2024-01-16 10:59:00	4f438bacbf1c4b56b6cf261f88473b61	Charity Account		VENMO CASHOUT 240113 1031892914118 PAYPAL JOE				c	128223/100	128223/100	2024-04-02 04:25:32
C	416933810def486f97b55d41063a1039	446dad0e2b82424cbf830383246343a5	2024-04-02 04:25:32	2024-04-02 04:25:32	2024-01-16 10:59:00	2c56b96f6cbe43a6a315b599e0dac3fa	Imbalance-USD		VENMO CASHOUT 240113 1031892914118 PAYPAL JOE				n	-128223/100	-128223/100	1970-01-01 00:00:00
===== END
===== START
B	c5e72bc3c0f146bfa05ee0c4f05e6ab2	e8a10bca4a96459aaf4d24aca02d7d04	2024-04-02 04:26:54	2024-04-02 04:25:32	2023-10-20 10:59:00	4f438bacbf1c4b56b6cf261f88473b61	Charity Account		MOBILE DEPOSIT : REF NUMBER :314200555233				c	74585/100	74585/100	2024-04-02 04:25:32
B	c5e72bc3c0f146bfa05ee0c4f05e6ab2	d5fd66d5ef2d4b10a84175794946656f	2024-04-02 04:26:54	2024-04-02 04:25:32	2023-10-20 10:59:00	2c56b96f6cbe43a6a315b599e0dac3fa	Imbalance-USD		MOBILE DEPOSIT : REF NUMBER :314200555233				n	-74585/100	-74585/100	1970-01-01 00:00:00
===== END
===== START
C	c5e72bc3c0f146bfa05ee0c4f05e6ab2	e8a10bca4a96459aaf4d24aca02d7d04	2024-04-02 04:26:54	2024-04-02 04:25:32	2023-10-20 10:59:00	4f438bacbf1c4b56b6cf261f88473b61	Charity Account		BackSwing Golf Event Sponsor				c	74585/100	74585/100	2024-04-02 04:25:32
C	c5e72bc3c0f146bfa05ee0c4f05e6ab2	d5fd66d5ef2d4b10a84175794946656f	2024-04-02 04:26:54	2024-04-02 04:25:32	2023-10-20 10:59:00	b1b25c8858b642979e2806d7cf1db6f6	Golf Tournament		BackSwing Golf Event Sponsor				n	-74585/100	-74585/100	1970-01-01 00:00:00
===== END
===== START
B	421a1b379e844b76ac2c0d4ac8176396	d1bf97a6259f483b8b6bb93e85b4eebc	2024-04-02 04:27:23	2024-04-02 04:25:32	2023-10-30 10:59:00	2c56b96f6cbe43a6a315b599e0dac3fa	Imbalance-USD		CHECK # 223				n	153750/100	153750/100	1970-01-01 00:00:00
B	421a1b379e844b76ac2c0d4ac8176396	9c383d7d327c46ac9774665c4258630e	2024-04-02 04:27:23	2024-04-02 04:25:32	2023-10-30 10:59:00	4f438bacbf1c4b56b6cf261f88473b61	Charity Account		CHECK # 223				c	-153750/100	-153750/100	2024-04-02 04:25:32
===== END
===== START
C	421a1b379e844b76ac2c0d4ac8176396	d1bf97a6259f483b8b6bb93e85b4eebc	2024-04-02 04:27:23	2024-04-02 04:25:32	2023-10-30 10:59:00	9c2ba1bb773f481596bbf3c6ea7ffd6d	Golf Tournament		Ticket Refund for overpayment by Christopher Huizenga				n	153750/100	153750/100	1970-01-01 00:00:00
C	421a1b379e844b76ac2c0d4ac8176396	9c383d7d327c46ac9774665c4258630e	2024-04-02 04:27:23	2024-04-02 04:25:32	2023-10-30 10:59:00	4f438bacbf1c4b56b6cf261f88473b61	Charity Account		Ticket Refund for overpayment by Christopher Huizenga				c	-153750/100	-153750/100	2024-04-02 04:25:32
===== END
===== START
B	8c25cbbb86004f03a1bc3e82b2146c21	997e1249429c4c70973363c4ad878f32	2024-04-02 04:27:38	2024-04-02 04:25:32	2023-10-31 10:59:00	2c56b96f6cbe43a6a315b599e0dac3fa	Imbalance-USD		DEPOSITED OR CASHED CHECK # 224				n	1222500/100	1222500/100	1970-01-01 00:00:00
B	8c25cbbb86004f03a1bc3e82b2146c21	9ff29ace4de14d2aad38ee5b6290872a	2024-04-02 04:27:38	2024-04-02 04:25:32	2023-10-31 10:59:00	4f438bacbf1c4b56b6cf261f88473b61	Charity Account		DEPOSITED OR CASHED CHECK # 224				c	-1222500/100	-1222500/100	2024-04-02 04:25:32
===== END
===== START
C	8c25cbbb86004f03a1bc3e82b2146c21	997e1249429c4c70973363c4ad878f32	2024-04-02 04:27:38	2024-04-02 04:25:32	2023-10-31 10:59:00	dffa1b88f80c422e9274f42a53fe492e	Charity Donations		Donation to Nami				n	1222500/100	1222500/100	1970-01-01 00:00:00
C	8c25cbbb86004f03a1bc3e82b2146c21	9ff29ace4de14d2aad38ee5b6290872a	2024-04-02 04:27:38	2024-04-02 04:25:32	2023-10-31 10:59:00	4f438bacbf1c4b56b6cf261f88473b61	Charity Account		Donation to Nami				c	-1222500/100	-1222500/100	2024-04-02 04:25:32
===== END
===== START
B	96713bb37a82423ca0bfd7f3d06d98df	8f7b8087ee104834a014f2cb7cb8ee2f	2024-04-02 04:28:37	2024-04-02 04:25:32	2023-11-08 10:59:00	4f438bacbf1c4b56b6cf261f88473b61	Charity Account		MOBILE DEPOSIT : REF NUMBER :517080544693				c	10619/100	10619/100	2024-04-02 04:25:32
B	96713bb37a82423ca0bfd7f3d06d98df	fee45dcf32e84366b42ff81521a8a67f	2024-04-02 04:28:37	2024-04-02 04:25:32	2023-11-08 10:59:00	2c56b96f6cbe43a6a315b599e0dac3fa	Imbalance-USD		MOBILE DEPOSIT : REF NUMBER :517080544693				n	-10619/100	-10619/100	1970-01-01 00:00:00
===== END
===== START
C	96713bb37a82423ca0bfd7f3d06d98df	8f7b8087ee104834a014f2cb7cb8ee2f	2024-04-02 04:28:37	2024-04-02 04:25:32	2023-11-08 10:59:00	4f438bacbf1c4b56b6cf261f88473b61	Charity Account		Womens Club Sales Oktoberfest				c	10619/100	10619/100	2024-04-02 04:25:32
C	96713bb37a82423ca0bfd7f3d06d98df	fee45dcf32e84366b42ff81521a8a67f	2024-04-02 04:28:37	2024-04-02 04:25:32	2023-11-08 10:59:00	f4876df94c4b42b5a127367f35d37154	Oktoberfest		Womens Club Sales Oktoberfest				n	-10619/100	-10619/100	1970-01-01 00:00:00
===== END
===== START
B	1894cd24c2474ec082c257ce11abfb05	90fcfba0499c4f689f2277a1879365e9	2024-04-02 04:28:50	2024-04-02 04:25:32	2023-12-04 10:59:00	4f438bacbf1c4b56b6cf261f88473b61	Charity Account		Zeffy US Zeffy US ST-O3F4S5T1D5S3 ACTIVE 20 30 OF TUCSON				c	100/100	100/100	2024-04-02 04:25:32
B	1894cd24c2474ec082c257ce11abfb05	250184891f6f440fbd2b6dfaf5e13cca	2024-04-02 04:28:50	2024-04-02 04:25:32	2023-12-04 10:59:00	2c56b96f6cbe43a6a315b599e0dac3fa	Imbalance-USD		Zeffy US Zeffy US ST-O3F4S5T1D5S3 ACTIVE 20 30 OF TUCSON				n	-100/100	-100/100	1970-01-01 00:00:00
===== END
===== START
C	1894cd24c2474ec082c257ce11abfb05	90fcfba0499c4f689f2277a1879365e9	2024-04-02 04:28:50	2024-04-02 04:25:32	2023-12-04 10:59:00	4f438bacbf1c4b56b6cf261f88473b61	Charity Account		Zeffy US Zeffy US ST-O3F4S5T1D5S3 ACTIVE 20 30 OF TUCSON				c	100/100	100/100	2024-04-02 04:25:32
C	1894cd24c2474ec082c257ce11abfb05	250184891f6f440fbd2b6dfaf5e13cca	2024-04-02 04:28:50	2024-04-02 04:25:32	2023-12-04 10:59:00	11f9904c6c7841e28d81d15398745d90	Donations		Zeffy US Zeffy US ST-O3F4S5T1D5S3 ACTIVE 20 30 OF TUCSON				n	-100/100	-100/100	1970-01-01 00:00:00
===== END
