mod	trans_guid	split_guid	time_now	date_entered	date_posted	acc_guid	acc_name	num	description	notes	memo	action	reconciled	amount	value	date_reconciled
-----------------
===== START
===== END
===== START
===== END
===== START
===== END
===== START
===== END
===== START
===== END
===== START
===== END
===== START
===== END
===== START
===== END
===== START
===== END
===== START
===== END
===== START
===== END
===== START
===== END
===== START
===== END
===== START
===== END
===== START
===== END
===== START
===== END
===== START
===== END
===== START
===== END
===== START
===== END
===== START
===== END
===== START
===== END
===== START
===== END
===== START
===== END
===== START
===== END
===== START
===== END
===== START
===== END
===== START
===== END
===== START
===== END
===== START
===== END
===== START
===== END
===== START
===== END
===== START
===== END
===== START
===== END
===== START
===== END
===== START
===== END
===== START
===== END
===== START
===== END
===== START
===== END
===== START
===== END
===== START
===== END
===== START
===== END
===== START
===== END
===== START
===== END
===== START
C	41362d33637e41c1ba3f87996ba2f4f2	741086ed9f824a1bad6eaaea37fdae7b	2024-04-02 04:12:01	2024-04-02 04:12:01	2023-10-13 10:59:00	707544b2a85c4a6381bf9ac6080db77f	Operations Account		CHECK # 313				c	-16519/100	-16519/100	2024-04-02 04:12:01
C	41362d33637e41c1ba3f87996ba2f4f2	c1684272cfb24db2a89b9d83746f71da	2024-04-02 04:12:01	2024-04-02 04:12:01	2023-10-13 10:59:00	2c56b96f6cbe43a6a315b599e0dac3fa	Imbalance-USD		CHECK # 313				n	16519/100	16519/100	1970-01-01 00:00:00
===== END
===== START
C	d4b7baf7a6d444d5af7220555ade53ad	4081242c201047fbb3f7f438cb768eaf	2024-04-02 04:12:01	2024-04-02 04:12:01	2023-10-16 10:59:00	707544b2a85c4a6381bf9ac6080db77f	Operations Account		BUSINESS TO BUSINESS ACH THE HARTFORD NWTBCLSCIC 14374070 MENS ACTIVE 20-30 CLUB				c	-11646/100	-11646/100	2024-04-02 04:12:01
C	d4b7baf7a6d444d5af7220555ade53ad	2b32e7bff543473aa64844bba41858df	2024-04-02 04:12:01	2024-04-02 04:12:01	2023-10-16 10:59:00	2c56b96f6cbe43a6a315b599e0dac3fa	Imbalance-USD		BUSINESS TO BUSINESS ACH THE HARTFORD NWTBCLSCIC 14374070 MENS ACTIVE 20-30 CLUB				n	11646/100	11646/100	1970-01-01 00:00:00
===== END
===== START
C	d54ebc9e85e5469f8d3d036e3d468fd5	95756a71a6a44d6a8b80d1e0d3bba337	2024-04-02 04:12:01	2024-04-02 04:12:01	2023-10-23 10:59:00	707544b2a85c4a6381bf9ac6080db77f	Operations Account		CITY OF TUCSON BILLPAY 231023 TUCSON WATER MEN S ACTIVE 20-30 CLU				c	-3318/100	-3318/100	2024-04-02 04:12:01
C	d54ebc9e85e5469f8d3d036e3d468fd5	c3df233aebd74ffd8e8ef3d96839f4a4	2024-04-02 04:12:01	2024-04-02 04:12:01	2023-10-23 10:59:00	2c56b96f6cbe43a6a315b599e0dac3fa	Imbalance-USD		CITY OF TUCSON BILLPAY 231023 TUCSON WATER MEN S ACTIVE 20-30 CLU				n	3318/100	3318/100	1970-01-01 00:00:00
===== END
===== START
C	05f03d88e1b94d23ae58a17eddd842a2	e44e4928c99d4f488876c38c0353a7ad	2024-04-02 04:12:01	2024-04-02 04:12:01	2023-10-23 10:59:00	707544b2a85c4a6381bf9ac6080db77f	Operations Account		COX COMM PHX BANK DRAFT 102323 qWPepZLLu3lwDeS Men''s Active 20-30 Cl				c	-9765/100	-9765/100	2024-04-02 04:12:01
C	05f03d88e1b94d23ae58a17eddd842a2	268a4c36e0ff4c749b6090c4f8ad423f	2024-04-02 04:12:01	2024-04-02 04:12:01	2023-10-23 10:59:00	2c56b96f6cbe43a6a315b599e0dac3fa	Imbalance-USD		COX COMM PHX BANK DRAFT 102323 qWPepZLLu3lwDeS Men''s Active 20-30 Cl				n	9765/100	9765/100	1970-01-01 00:00:00
===== END
===== START
C	29b900172d7948998e4e04493c532133	4c987e2413e44d3ba2fb506fbcf355da	2024-04-02 04:12:01	2024-04-02 04:12:01	2023-10-23 10:59:00	707544b2a85c4a6381bf9ac6080db77f	Operations Account		PURCHASE AUTHORIZED ON 10/22 USPS KIOSK 0388859 TUCSON AZ S303295793232874 CARD 4511				c	-1020/100	-1020/100	2024-04-02 04:12:01
C	29b900172d7948998e4e04493c532133	fae21c75bce0426f8182587bde79675c	2024-04-02 04:12:01	2024-04-02 04:12:01	2023-10-23 10:59:00	2c56b96f6cbe43a6a315b599e0dac3fa	Imbalance-USD		PURCHASE AUTHORIZED ON 10/22 USPS KIOSK 0388859 TUCSON AZ S303295793232874 CARD 4511				n	1020/100	1020/100	1970-01-01 00:00:00
===== END
===== START
C	688988e8235a440cb02f2fc998be4320	d79e65bab4f24ecf8f5686eec7ad5d3f	2024-04-02 04:12:01	2024-04-02 04:12:01	2023-10-30 10:59:00	707544b2a85c4a6381bf9ac6080db77f	Operations Account		TEP Corporate De SNAP PMT 231026 7676019019 Active 20-30 Club of T				c	-5499/100	-5499/100	2024-04-02 04:12:01
C	688988e8235a440cb02f2fc998be4320	fa70231068754c83b64c15a4286d4f1c	2024-04-02 04:12:01	2024-04-02 04:12:01	2023-10-30 10:59:00	2c56b96f6cbe43a6a315b599e0dac3fa	Imbalance-USD		TEP Corporate De SNAP PMT 231026 7676019019 Active 20-30 Club of T				n	5499/100	5499/100	1970-01-01 00:00:00
===== END
===== START
C	402e5a231fb94ee78b251883668764c6	d373001f1f294f499ebc517672d8b66c	2024-04-02 04:12:01	2024-04-02 04:12:01	2023-11-02 10:59:00	707544b2a85c4a6381bf9ac6080db77f	Operations Account		RECURRING PAYMENT AUTHORIZED ON 11/01 GOOGLE GSUITE_act 650-2530000 CA S383305430798978 CARD 4511				c	-782/100	-782/100	2024-04-02 04:12:01
C	402e5a231fb94ee78b251883668764c6	7f06a99d73f6407694aff6315a636fac	2024-04-02 04:12:01	2024-04-02 04:12:01	2023-11-02 10:59:00	2c56b96f6cbe43a6a315b599e0dac3fa	Imbalance-USD		RECURRING PAYMENT AUTHORIZED ON 11/01 GOOGLE GSUITE_act 650-2530000 CA S383305430798978 CARD 4511				n	782/100	782/100	1970-01-01 00:00:00
===== END
===== START
C	a299d02c0b5948c6817de378f66f2901	371b96c4dca64fd2a492d03bade7ef6f	2024-04-02 04:12:01	2024-04-02 04:12:01	2023-11-10 10:59:00	707544b2a85c4a6381bf9ac6080db77f	Operations Account		PURCHASE AUTHORIZED ON 11/10 FRYS-FOOD 201 SWITZER FLAGSTAFF AZ P000000276313088 CARD 4511				c	-16247/100	-16247/100	2024-04-02 04:12:01
C	a299d02c0b5948c6817de378f66f2901	aef03230f1d441afab54e8466b368536	2024-04-02 04:12:01	2024-04-02 04:12:01	2023-11-10 10:59:00	2c56b96f6cbe43a6a315b599e0dac3fa	Imbalance-USD		PURCHASE AUTHORIZED ON 11/10 FRYS-FOOD 201 SWITZER FLAGSTAFF AZ P000000276313088 CARD 4511				n	16247/100	16247/100	1970-01-01 00:00:00
===== END
===== START
C	503a2e297441474ebf392bab065984dc	b1a7550ef930471aac02ae2d8490539d	2024-04-02 04:12:01	2024-04-02 04:12:01	2023-11-13 10:59:00	707544b2a85c4a6381bf9ac6080db77f	Operations Account		CHECK # 314				c	-100000/100	-100000/100	2024-04-02 04:12:01
C	503a2e297441474ebf392bab065984dc	3e2d7cf1357d44cca274337845256674	2024-04-02 04:12:01	2024-04-02 04:12:01	2023-11-13 10:59:00	2c56b96f6cbe43a6a315b599e0dac3fa	Imbalance-USD		CHECK # 314				n	100000/100	100000/100	1970-01-01 00:00:00
===== END
===== START
C	76d1d019c7aa488e8ca6a85e246ecee5	61ab5b7c72cf4157b2f3dbcad58ac97d	2024-04-02 04:12:01	2024-04-02 04:12:01	2023-11-14 10:59:00	707544b2a85c4a6381bf9ac6080db77f	Operations Account		BUSINESS TO BUSINESS ACH THE HARTFORD NWTBCLSCIC 14374070 MENS ACTIVE 20-30 CLUB				c	-11646/100	-11646/100	2024-04-02 04:12:01
C	76d1d019c7aa488e8ca6a85e246ecee5	b54c261882fb48ebbadbf42a337ac4b2	2024-04-02 04:12:01	2024-04-02 04:12:01	2023-11-14 10:59:00	2c56b96f6cbe43a6a315b599e0dac3fa	Imbalance-USD		BUSINESS TO BUSINESS ACH THE HARTFORD NWTBCLSCIC 14374070 MENS ACTIVE 20-30 CLUB				n	11646/100	11646/100	1970-01-01 00:00:00
===== END
===== START
C	b9170a9cc43c450993635f107c8cfbb6	efdc57a8ea904c48ba23ba14cb089f76	2024-04-02 04:12:01	2024-04-02 04:12:01	2023-11-16 10:59:00	707544b2a85c4a6381bf9ac6080db77f	Operations Account		RECURRING PAYMENT AUTHORIZED ON 11/15 USPS PO BOXES ONLI 800-344-7779 DC S303319455201337 CARD 4511				c	-5100/100	-5100/100	2024-04-02 04:12:01
C	b9170a9cc43c450993635f107c8cfbb6	5d3f6b8b10374e9185ca05d1333ed8a9	2024-04-02 04:12:01	2024-04-02 04:12:01	2023-11-16 10:59:00	2c56b96f6cbe43a6a315b599e0dac3fa	Imbalance-USD		RECURRING PAYMENT AUTHORIZED ON 11/15 USPS PO BOXES ONLI 800-344-7779 DC S303319455201337 CARD 4511				n	5100/100	5100/100	1970-01-01 00:00:00
===== END
===== START
C	d0712c1492f2415c8fa2f49910154368	a20e62801505472aa0886d501e18dc6b	2024-04-02 04:12:01	2024-04-02 04:12:01	2023-11-21 10:59:00	707544b2a85c4a6381bf9ac6080db77f	Operations Account		COX COMM PHX BANK DRAFT 112123 Nnt8RkvfS8LZeAL Men''s Active 20-30 Cl				c	-9765/100	-9765/100	2024-04-02 04:12:01
C	d0712c1492f2415c8fa2f49910154368	1d304d7aa6df4f1c9b03d0a5ad929c6f	2024-04-02 04:12:01	2024-04-02 04:12:01	2023-11-21 10:59:00	2c56b96f6cbe43a6a315b599e0dac3fa	Imbalance-USD		COX COMM PHX BANK DRAFT 112123 Nnt8RkvfS8LZeAL Men''s Active 20-30 Cl				n	9765/100	9765/100	1970-01-01 00:00:00
===== END
===== START
C	da21f5915b5d4c3fb11cbaac4b850840	dc6ea1f5430e464b94c36600287e3efb	2024-04-02 04:12:01	2024-04-02 04:12:01	2023-11-24 10:59:00	707544b2a85c4a6381bf9ac6080db77f	Operations Account		CITY OF TUCSON BILLPAY 231124 TUCSON WATER MEN S ACTIVE 20-30 CLU				c	-3318/100	-3318/100	2024-04-02 04:12:01
C	da21f5915b5d4c3fb11cbaac4b850840	f31097c463054813bc089c4604e7cf91	2024-04-02 04:12:01	2024-04-02 04:12:01	2023-11-24 10:59:00	2c56b96f6cbe43a6a315b599e0dac3fa	Imbalance-USD		CITY OF TUCSON BILLPAY 231124 TUCSON WATER MEN S ACTIVE 20-30 CLU				n	3318/100	3318/100	1970-01-01 00:00:00
===== END
===== START
C	d0cdf5cb4cb7496cadb3d4fb6189c5e3	537f039d0aad4c22a36b815d47cc45be	2024-04-02 04:12:01	2024-04-02 04:12:01	2023-12-01 10:59:00	707544b2a85c4a6381bf9ac6080db77f	Operations Account		TEP Corporate De SNAP PMT 231129 7676019019 Active 20-30 Club of T				c	-4763/100	-4763/100	2024-04-02 04:12:01
C	d0cdf5cb4cb7496cadb3d4fb6189c5e3	dc7fd1b861374d198f1127bf1ddfa5a8	2024-04-02 04:12:01	2024-04-02 04:12:01	2023-12-01 10:59:00	2c56b96f6cbe43a6a315b599e0dac3fa	Imbalance-USD		TEP Corporate De SNAP PMT 231129 7676019019 Active 20-30 Club of T				n	4763/100	4763/100	1970-01-01 00:00:00
===== END
===== START
C	09264e8437b646f49c8ab42f5d5f055a	0ecaef4fc6c34fa9abda016ffee0d38a	2024-04-02 04:12:01	2024-04-02 04:12:01	2023-12-14 10:59:00	707544b2a85c4a6381bf9ac6080db77f	Operations Account		BUSINESS TO BUSINESS ACH THE HARTFORD NWTBCLSCIC 14374070 MENS ACTIVE 20-30 CLUB				c	-11646/100	-11646/100	2024-04-02 04:12:01
C	09264e8437b646f49c8ab42f5d5f055a	1f4c8432a4ed48a3a214faec9c908d8d	2024-04-02 04:12:01	2024-04-02 04:12:01	2023-12-14 10:59:00	2c56b96f6cbe43a6a315b599e0dac3fa	Imbalance-USD		BUSINESS TO BUSINESS ACH THE HARTFORD NWTBCLSCIC 14374070 MENS ACTIVE 20-30 CLUB				n	11646/100	11646/100	1970-01-01 00:00:00
===== END
===== START
C	234e8adfabcc4e6d9a1c7eae91d56d03	fc8aa18ab39d4760b3062576bde2e0be	2024-04-02 04:12:01	2024-04-02 04:12:01	2023-12-15 10:59:00	707544b2a85c4a6381bf9ac6080db77f	Operations Account		RECURRING PAYMENT AUTHORIZED ON 12/14 GOOGLE GSUITE_act 650-2530000 CA S463348554666914 CARD 4511				c	-782/100	-782/100	2024-04-02 04:12:01
C	234e8adfabcc4e6d9a1c7eae91d56d03	b6a83836546f44d697a5b9f9481137e9	2024-04-02 04:12:01	2024-04-02 04:12:01	2023-12-15 10:59:00	2c56b96f6cbe43a6a315b599e0dac3fa	Imbalance-USD		RECURRING PAYMENT AUTHORIZED ON 12/14 GOOGLE GSUITE_act 650-2530000 CA S463348554666914 CARD 4511				n	782/100	782/100	1970-01-01 00:00:00
===== END
===== START
C	bb351cd7571d4354a60ee4d4fb32bba8	0090499540cf4259a57b43fb131d696b	2024-04-02 04:12:01	2024-04-02 04:12:01	2023-12-26 10:59:00	707544b2a85c4a6381bf9ac6080db77f	Operations Account		CITY OF TUCSON BILLPAY 231226 TUCSON WATER MEN S ACTIVE 20-30 CLU				c	-3318/100	-3318/100	2024-04-02 04:12:01
C	bb351cd7571d4354a60ee4d4fb32bba8	968ed270ef5b46148ae98047a69a9a49	2024-04-02 04:12:01	2024-04-02 04:12:01	2023-12-26 10:59:00	2c56b96f6cbe43a6a315b599e0dac3fa	Imbalance-USD		CITY OF TUCSON BILLPAY 231226 TUCSON WATER MEN S ACTIVE 20-30 CLU				n	3318/100	3318/100	1970-01-01 00:00:00
===== END
===== START
C	455b89e7c34b48f484cb33c46eeeca34	7ed791a4874743e7bd212e0c23178a5a	2024-04-02 04:12:01	2024-04-02 04:12:01	2023-12-26 10:59:00	707544b2a85c4a6381bf9ac6080db77f	Operations Account		COX COMM PHX BANK DRAFT 122323 SVrG0YOzYKL6USO Men''s Active 20-30 Cl				c	-9765/100	-9765/100	2024-04-02 04:12:01
C	455b89e7c34b48f484cb33c46eeeca34	663c485aaf854146b3b70892a457ec41	2024-04-02 04:12:01	2024-04-02 04:12:01	2023-12-26 10:59:00	2c56b96f6cbe43a6a315b599e0dac3fa	Imbalance-USD		COX COMM PHX BANK DRAFT 122323 SVrG0YOzYKL6USO Men''s Active 20-30 Cl				n	9765/100	9765/100	1970-01-01 00:00:00
===== END
===== START
C	ac3ec48e19d4400d9a8d14feefce65dd	bd60b18260314d1893f58dc1801af6b2	2024-04-02 04:12:01	2024-04-02 04:12:01	2024-01-02 10:59:00	707544b2a85c4a6381bf9ac6080db77f	Operations Account		TEP Corporate De SNAP PMT 231228 7676019019 Active 20-30 Club of T				c	-4456/100	-4456/100	2024-04-02 04:12:01
C	ac3ec48e19d4400d9a8d14feefce65dd	7dc13649ccca4df68d57bd16584aff78	2024-04-02 04:12:01	2024-04-02 04:12:01	2024-01-02 10:59:00	2c56b96f6cbe43a6a315b599e0dac3fa	Imbalance-USD		TEP Corporate De SNAP PMT 231228 7676019019 Active 20-30 Club of T				n	4456/100	4456/100	1970-01-01 00:00:00
===== END
===== START
C	db5b343a73674f36b66a2616fc37ae34	b8a916ba136b41f7a57742f5652da262	2024-04-02 04:12:01	2024-04-02 04:12:01	2024-01-02 10:59:00	707544b2a85c4a6381bf9ac6080db77f	Operations Account		RECURRING PAYMENT AUTHORIZED ON 01/01 GOOGLE GSUITE_act 650-2530000 CA S584001460048819 CARD 4511				c	-782/100	-782/100	2024-04-02 04:12:01
C	db5b343a73674f36b66a2616fc37ae34	b6d8850c4ed64447a4fd6a89f83fd1bc	2024-04-02 04:12:01	2024-04-02 04:12:01	2024-01-02 10:59:00	2c56b96f6cbe43a6a315b599e0dac3fa	Imbalance-USD		RECURRING PAYMENT AUTHORIZED ON 01/01 GOOGLE GSUITE_act 650-2530000 CA S584001460048819 CARD 4511				n	782/100	782/100	1970-01-01 00:00:00
===== END
===== START
C	4ae0f9359c694c52b37b7d1cbeba0bc4	93abc07c285941628d067aec6db7cd90	2024-04-02 04:12:01	2024-04-02 04:12:01	2024-01-16 10:59:00	707544b2a85c4a6381bf9ac6080db77f	Operations Account		BUSINESS TO BUSINESS ACH THE HARTFORD INS PMT CL 14374070 MENS ACTIVE 20-30 CLUB				c	-11646/100	-11646/100	2024-04-02 04:12:01
C	4ae0f9359c694c52b37b7d1cbeba0bc4	1a5c9b4a192b4ab89915c2246b9d0bf0	2024-04-02 04:12:01	2024-04-02 04:12:01	2024-01-16 10:59:00	2c56b96f6cbe43a6a315b599e0dac3fa	Imbalance-USD		BUSINESS TO BUSINESS ACH THE HARTFORD INS PMT CL 14374070 MENS ACTIVE 20-30 CLUB				n	11646/100	11646/100	1970-01-01 00:00:00
===== END
===== START
C	6024f161e14b48d291616388b0e65e63	e09d88de8ee24f229dec2ffcc8c29ef4	2024-04-02 04:12:01	2024-04-02 04:12:01	2024-01-17 10:59:00	707544b2a85c4a6381bf9ac6080db77f	Operations Account		PURCHASE AUTHORIZED ON 01/13 TECHSOUP 4156339300 CA S304013570010847 CARD 4511				c	-7500/100	-7500/100	2024-04-02 04:12:01
C	6024f161e14b48d291616388b0e65e63	b8f6b8d9e37f4ad8a0c1628ce6af28a7	2024-04-02 04:12:01	2024-04-02 04:12:01	2024-01-17 10:59:00	2c56b96f6cbe43a6a315b599e0dac3fa	Imbalance-USD		PURCHASE AUTHORIZED ON 01/13 TECHSOUP 4156339300 CA S304013570010847 CARD 4511				n	7500/100	7500/100	1970-01-01 00:00:00
===== END
===== START
C	4020b087516f475a8e47682c77714e76	03e670d65d1541abae2fb26d0cce79ff	2024-04-02 04:12:01	2024-04-02 04:12:01	2024-01-22 10:59:00	707544b2a85c4a6381bf9ac6080db77f	Operations Account		COX COMM PHX BANK DRAFT 012224 iRaoBZrUf31uxpY Men''s Active 20-30 Cl				c	-9765/100	-9765/100	2024-04-02 04:12:01
C	4020b087516f475a8e47682c77714e76	5708f1fe898c4ad4b7f22e8c6ca94563	2024-04-02 04:12:01	2024-04-02 04:12:01	2024-01-22 10:59:00	2c56b96f6cbe43a6a315b599e0dac3fa	Imbalance-USD		COX COMM PHX BANK DRAFT 012224 iRaoBZrUf31uxpY Men''s Active 20-30 Cl				n	9765/100	9765/100	1970-01-01 00:00:00
===== END
===== START
C	3866f8dfa369485c8774242ad20f30bf	0ad140178c5c4e019431d7e6bdcf296a	2024-04-02 04:12:01	2024-04-02 04:12:01	2024-01-23 10:59:00	707544b2a85c4a6381bf9ac6080db77f	Operations Account		CITY OF TUCSON BILLPAY 240123 TUCSON WATER MEN S ACTIVE 20-30 CLU				c	-3318/100	-3318/100	2024-04-02 04:12:01
C	3866f8dfa369485c8774242ad20f30bf	c33eaf19e9fa4e19ba1c4ecc76362231	2024-04-02 04:12:01	2024-04-02 04:12:01	2024-01-23 10:59:00	2c56b96f6cbe43a6a315b599e0dac3fa	Imbalance-USD		CITY OF TUCSON BILLPAY 240123 TUCSON WATER MEN S ACTIVE 20-30 CLU				n	3318/100	3318/100	1970-01-01 00:00:00
===== END
===== START
C	cfddafbd04b34baa878bde266b283621	d0459a924b0b44c4aa0d3999af3d407d	2024-04-02 04:12:01	2024-04-02 04:12:01	2024-02-02 10:59:00	707544b2a85c4a6381bf9ac6080db77f	Operations Account		RECURRING PAYMENT AUTHORIZED ON 02/01 GOOGLE*GSUITE ACTI CC GOOGLE.COM CA S464032491550303 CARD 4511				c	-782/100	-782/100	2024-04-02 04:12:01
C	cfddafbd04b34baa878bde266b283621	6bfdb3be09ae4aba9a0cefd7b72b8e7f	2024-04-02 04:12:01	2024-04-02 04:12:01	2024-02-02 10:59:00	2c56b96f6cbe43a6a315b599e0dac3fa	Imbalance-USD		RECURRING PAYMENT AUTHORIZED ON 02/01 GOOGLE*GSUITE ACTI CC GOOGLE.COM CA S464032491550303 CARD 4511				n	782/100	782/100	1970-01-01 00:00:00
===== END
===== START
C	e900571188574a99a6dfa59a9c7ff0c9	9edc1292135344d2a600f177a36ea749	2024-04-02 04:12:01	2024-04-02 04:12:01	2024-02-05 10:59:00	707544b2a85c4a6381bf9ac6080db77f	Operations Account		TEP Corporate De SNAP PMT 240201 7676019019 Active 20-30 Club of T				c	-4359/100	-4359/100	2024-04-02 04:12:01
C	e900571188574a99a6dfa59a9c7ff0c9	d9968bd970d448198a679422490d6c9d	2024-04-02 04:12:01	2024-04-02 04:12:01	2024-02-05 10:59:00	2c56b96f6cbe43a6a315b599e0dac3fa	Imbalance-USD		TEP Corporate De SNAP PMT 240201 7676019019 Active 20-30 Club of T				n	4359/100	4359/100	1970-01-01 00:00:00
===== END
===== START
C	c8fb727cec3b4d27b5b88888531ed797	7c49ca42b3e149e29fedd96c8bd06206	2024-04-02 04:12:01	2024-04-02 04:12:01	2024-02-05 10:59:00	707544b2a85c4a6381bf9ac6080db77f	Operations Account		Zeffy US Zeffy US ST-Y4U2N6J6R5O3 ACTIVE 20 30 OF TUCSON				c	87500/100	87500/100	2024-04-02 04:12:01
C	c8fb727cec3b4d27b5b88888531ed797	e4eea7b4144a48f38f2e86ddc80aef62	2024-04-02 04:12:01	2024-04-02 04:12:01	2024-02-05 10:59:00	2c56b96f6cbe43a6a315b599e0dac3fa	Imbalance-USD		Zeffy US Zeffy US ST-Y4U2N6J6R5O3 ACTIVE 20 30 OF TUCSON				n	-87500/100	-87500/100	1970-01-01 00:00:00
===== END
===== START
C	2056c9d3cd3540b994f26394761db5e2	1a4ca70224d0404ba6ac472cdadcbcc6	2024-04-02 04:12:01	2024-04-02 04:12:01	2024-02-14 10:59:00	707544b2a85c4a6381bf9ac6080db77f	Operations Account		BUSINESS TO BUSINESS ACH THE HARTFORD INS PMT CL 14374070 MENS ACTIVE 20-30 CLUB				c	-11646/100	-11646/100	2024-04-02 04:12:01
C	2056c9d3cd3540b994f26394761db5e2	fc72a05af6a741b481f42f9a24054e4f	2024-04-02 04:12:01	2024-04-02 04:12:01	2024-02-14 10:59:00	2c56b96f6cbe43a6a315b599e0dac3fa	Imbalance-USD		BUSINESS TO BUSINESS ACH THE HARTFORD INS PMT CL 14374070 MENS ACTIVE 20-30 CLUB				n	11646/100	11646/100	1970-01-01 00:00:00
===== END
===== START
C	2566e256f9b24e4380aa4816ec0a62a9	c30a523c48384cbba1f62aa5b77059ff	2024-04-02 04:12:01	2024-04-02 04:12:01	2024-02-16 10:59:00	707544b2a85c4a6381bf9ac6080db77f	Operations Account		RECURRING PAYMENT AUTHORIZED ON 02/15 USPS PO BOXES ONLI 800-344-7779 DC S464046500139846 CARD 4511				c	-5300/100	-5300/100	2024-04-02 04:12:01
C	2566e256f9b24e4380aa4816ec0a62a9	c62ebd27184d42d4b8d1ed2f55104de2	2024-04-02 04:12:01	2024-04-02 04:12:01	2024-02-16 10:59:00	2c56b96f6cbe43a6a315b599e0dac3fa	Imbalance-USD		RECURRING PAYMENT AUTHORIZED ON 02/15 USPS PO BOXES ONLI 800-344-7779 DC S464046500139846 CARD 4511				n	5300/100	5300/100	1970-01-01 00:00:00
===== END
===== START
C	2beb19b468a04ba9b6944a919b374804	7775279c85f04791af5aa439db6555dc	2024-04-02 04:12:01	2024-04-02 04:12:01	2024-02-22 10:59:00	707544b2a85c4a6381bf9ac6080db77f	Operations Account		CITY OF TUCSON BILLPAY 240222 TUCSON WATER MEN S ACTIVE 20-30 CLU				c	-3318/100	-3318/100	2024-04-02 04:12:01
C	2beb19b468a04ba9b6944a919b374804	8cf7f86f7ec44ee39b12eb9636066f60	2024-04-02 04:12:01	2024-04-02 04:12:01	2024-02-22 10:59:00	2c56b96f6cbe43a6a315b599e0dac3fa	Imbalance-USD		CITY OF TUCSON BILLPAY 240222 TUCSON WATER MEN S ACTIVE 20-30 CLU				n	3318/100	3318/100	1970-01-01 00:00:00
===== END
===== START
C	67a4230c349e47ecab1de5ef55182add	ec15dcd5636d4a5ba974becc39e7fd1f	2024-04-02 04:12:01	2024-04-02 04:12:01	2024-02-22 10:59:00	707544b2a85c4a6381bf9ac6080db77f	Operations Account		COX COMM PHX BANK DRAFT 022224 ZDmj3t5hhhvnFH3 Men''s Active 20-30 Cl				c	-9765/100	-9765/100	2024-04-02 04:12:01
C	67a4230c349e47ecab1de5ef55182add	6110c74c5c2d4ed6b315e4d981a86e43	2024-04-02 04:12:01	2024-04-02 04:12:01	2024-02-22 10:59:00	2c56b96f6cbe43a6a315b599e0dac3fa	Imbalance-USD		COX COMM PHX BANK DRAFT 022224 ZDmj3t5hhhvnFH3 Men''s Active 20-30 Cl				n	9765/100	9765/100	1970-01-01 00:00:00
===== END
===== START
C	c07e722c449f48e4afff4fb523134905	625bce8bccae4702b1ec24e87e0f8a85	2024-04-02 04:12:01	2024-04-02 04:12:01	2024-03-04 10:59:00	707544b2a85c4a6381bf9ac6080db77f	Operations Account		TEP Corporate De SNAP PMT 240229 7676019019 Active 20-30 Club of T				c	-4140/100	-4140/100	2024-04-02 04:12:01
C	c07e722c449f48e4afff4fb523134905	f0e06a4a369c4bcda127c8c21abb8f35	2024-04-02 04:12:01	2024-04-02 04:12:01	2024-03-04 10:59:00	2c56b96f6cbe43a6a315b599e0dac3fa	Imbalance-USD		TEP Corporate De SNAP PMT 240229 7676019019 Active 20-30 Club of T				n	4140/100	4140/100	1970-01-01 00:00:00
===== END
===== START
C	d77fbb4dbfa44c3b9a8292b4ef4ee8c6	6027a3058606477b95036e570d0cba92	2024-04-02 04:12:01	2024-04-02 04:12:01	2024-03-04 10:59:00	707544b2a85c4a6381bf9ac6080db77f	Operations Account		RECURRING PAYMENT AUTHORIZED ON 03/01 GOOGLE GSUITE_act 650-2530000 CA S464061435725930 CARD 4511				c	-782/100	-782/100	2024-04-02 04:12:01
C	d77fbb4dbfa44c3b9a8292b4ef4ee8c6	17c0af43aa934776be288c731eab5436	2024-04-02 04:12:01	2024-04-02 04:12:01	2024-03-04 10:59:00	2c56b96f6cbe43a6a315b599e0dac3fa	Imbalance-USD		RECURRING PAYMENT AUTHORIZED ON 03/01 GOOGLE GSUITE_act 650-2530000 CA S464061435725930 CARD 4511				n	782/100	782/100	1970-01-01 00:00:00
===== END
===== START
C	162a5b2b423f42abbd68565bec2db290	9c08cfa37b0a4e75b741a241c22fbb0b	2024-04-02 04:12:01	2024-04-02 04:12:01	2024-03-04 10:59:00	707544b2a85c4a6381bf9ac6080db77f	Operations Account		Zeffy US Zeffy US ST-X0M4R4I5G7L2 ACTIVE 20 30 OF TUCSON				c	12500/100	12500/100	2024-04-02 04:12:01
C	162a5b2b423f42abbd68565bec2db290	30b8b2dd5e804770adfcda0ad8f72615	2024-04-02 04:12:01	2024-04-02 04:12:01	2024-03-04 10:59:00	2c56b96f6cbe43a6a315b599e0dac3fa	Imbalance-USD		Zeffy US Zeffy US ST-X0M4R4I5G7L2 ACTIVE 20 30 OF TUCSON				n	-12500/100	-12500/100	1970-01-01 00:00:00
===== END
===== START
C	7b55869dbf5645f4a464ff260804dbe4	8755f6684d014f908733c64e8dfcf371	2024-04-02 04:12:01	2024-04-02 04:12:01	2024-03-14 10:59:00	707544b2a85c4a6381bf9ac6080db77f	Operations Account		BUSINESS TO BUSINESS ACH THE HARTFORD INS PMT CL 14374070 MENS ACTIVE 20-30 CLUB				c	-11646/100	-11646/100	2024-04-02 04:12:01
C	7b55869dbf5645f4a464ff260804dbe4	d650fe709b3046f5914833ecf2c17e34	2024-04-02 04:12:01	2024-04-02 04:12:01	2024-03-14 10:59:00	2c56b96f6cbe43a6a315b599e0dac3fa	Imbalance-USD		BUSINESS TO BUSINESS ACH THE HARTFORD INS PMT CL 14374070 MENS ACTIVE 20-30 CLUB				n	11646/100	11646/100	1970-01-01 00:00:00
===== END
===== START
C	89e3277113cc4529b34a35e48e245f21	067f72da9e814a4eb16ec4a6e67910e9	2024-04-02 04:12:01	2024-04-02 04:12:01	2024-03-25 10:59:00	707544b2a85c4a6381bf9ac6080db77f	Operations Account		COX COMM PHX BANK DRAFT 032324 2kn3W5XDtboXjAS Men''s Active 20-30 Cl				c	-9765/100	-9765/100	2024-04-02 04:12:01
C	89e3277113cc4529b34a35e48e245f21	70e72b47caac4e9193c2e10134280e03	2024-04-02 04:12:01	2024-04-02 04:12:01	2024-03-25 10:59:00	2c56b96f6cbe43a6a315b599e0dac3fa	Imbalance-USD		COX COMM PHX BANK DRAFT 032324 2kn3W5XDtboXjAS Men''s Active 20-30 Cl				n	9765/100	9765/100	1970-01-01 00:00:00
===== END
===== START
C	7d323a9bcb6049898a7cb0952cdd65e2	caf3b2a639424e8a95e4a11684651ff6	2024-04-02 04:12:01	2024-04-02 04:12:01	2024-03-25 10:59:00	707544b2a85c4a6381bf9ac6080db77f	Operations Account		CITY OF TUCSON BILLPAY 240325 TUCSON WATER MEN S ACTIVE 20-30 CLU				c	-3318/100	-3318/100	2024-04-02 04:12:01
C	7d323a9bcb6049898a7cb0952cdd65e2	210f59b9260d47489296eedba60e5489	2024-04-02 04:12:01	2024-04-02 04:12:01	2024-03-25 10:59:00	2c56b96f6cbe43a6a315b599e0dac3fa	Imbalance-USD		CITY OF TUCSON BILLPAY 240325 TUCSON WATER MEN S ACTIVE 20-30 CLU				n	3318/100	3318/100	1970-01-01 00:00:00
===== END
===== START
B	41362d33637e41c1ba3f87996ba2f4f2	c1684272cfb24db2a89b9d83746f71da	2024-04-02 04:13:13	2024-04-02 04:12:01	2023-10-13 10:59:00	2c56b96f6cbe43a6a315b599e0dac3fa	Imbalance-USD		CHECK # 313				n	16519/100	16519/100	1970-01-01 00:00:00
B	41362d33637e41c1ba3f87996ba2f4f2	741086ed9f824a1bad6eaaea37fdae7b	2024-04-02 04:13:13	2024-04-02 04:12:01	2023-10-13 10:59:00	707544b2a85c4a6381bf9ac6080db77f	Operations Account		CHECK # 313				c	-16519/100	-16519/100	2024-04-02 04:12:01
===== END
===== START
C	41362d33637e41c1ba3f87996ba2f4f2	c1684272cfb24db2a89b9d83746f71da	2024-04-02 04:13:13	2024-04-02 04:12:01	2023-10-13 10:59:00	7b2fd846c7b44662877b10b131d091b0	Club Events		CHECK # 313 - Whiskey Tasting Event				n	16519/100	16519/100	1970-01-01 00:00:00
C	41362d33637e41c1ba3f87996ba2f4f2	741086ed9f824a1bad6eaaea37fdae7b	2024-04-02 04:13:13	2024-04-02 04:12:01	2023-10-13 10:59:00	707544b2a85c4a6381bf9ac6080db77f	Operations Account		CHECK # 313 - Whiskey Tasting Event				c	-16519/100	-16519/100	2024-04-02 04:12:01
===== END
===== START
B	d4b7baf7a6d444d5af7220555ade53ad	2b32e7bff543473aa64844bba41858df	2024-04-02 04:13:18	2024-04-02 04:12:01	2023-10-16 10:59:00	2c56b96f6cbe43a6a315b599e0dac3fa	Imbalance-USD		BUSINESS TO BUSINESS ACH THE HARTFORD NWTBCLSCIC 14374070 MENS ACTIVE 20-30 CLUB				n	11646/100	11646/100	1970-01-01 00:00:00
B	d4b7baf7a6d444d5af7220555ade53ad	4081242c201047fbb3f7f438cb768eaf	2024-04-02 04:13:18	2024-04-02 04:12:01	2023-10-16 10:59:00	707544b2a85c4a6381bf9ac6080db77f	Operations Account		BUSINESS TO BUSINESS ACH THE HARTFORD NWTBCLSCIC 14374070 MENS ACTIVE 20-30 CLUB				c	-11646/100	-11646/100	2024-04-02 04:12:01
===== END
===== START
C	d4b7baf7a6d444d5af7220555ade53ad	2b32e7bff543473aa64844bba41858df	2024-04-02 04:13:18	2024-04-02 04:12:01	2023-10-16 10:59:00	00514e5ee86c4b71a4f65efedea6c856	Liability Insurance		BUSINESS TO BUSINESS ACH THE HARTFORD NWTBCLSCIC 14374070 MENS ACTIVE 20-30 CLUB				n	11646/100	11646/100	1970-01-01 00:00:00
C	d4b7baf7a6d444d5af7220555ade53ad	4081242c201047fbb3f7f438cb768eaf	2024-04-02 04:13:18	2024-04-02 04:12:01	2023-10-16 10:59:00	707544b2a85c4a6381bf9ac6080db77f	Operations Account		BUSINESS TO BUSINESS ACH THE HARTFORD NWTBCLSCIC 14374070 MENS ACTIVE 20-30 CLUB				c	-11646/100	-11646/100	2024-04-02 04:12:01
===== END
===== START
B	d54ebc9e85e5469f8d3d036e3d468fd5	c3df233aebd74ffd8e8ef3d96839f4a4	2024-04-02 04:13:21	2024-04-02 04:12:01	2023-10-23 10:59:00	2c56b96f6cbe43a6a315b599e0dac3fa	Imbalance-USD		CITY OF TUCSON BILLPAY 231023 TUCSON WATER MEN S ACTIVE 20-30 CLU				n	3318/100	3318/100	1970-01-01 00:00:00
B	d54ebc9e85e5469f8d3d036e3d468fd5	95756a71a6a44d6a8b80d1e0d3bba337	2024-04-02 04:13:21	2024-04-02 04:12:01	2023-10-23 10:59:00	707544b2a85c4a6381bf9ac6080db77f	Operations Account		CITY OF TUCSON BILLPAY 231023 TUCSON WATER MEN S ACTIVE 20-30 CLU				c	-3318/100	-3318/100	2024-04-02 04:12:01
===== END
===== START
C	d54ebc9e85e5469f8d3d036e3d468fd5	c3df233aebd74ffd8e8ef3d96839f4a4	2024-04-02 04:13:21	2024-04-02 04:12:01	2023-10-23 10:59:00	f7d41df9ed304b5b8006b284a9f84851	Water		CITY OF TUCSON BILLPAY 231023 TUCSON WATER MEN S ACTIVE 20-30 CLU				n	3318/100	3318/100	1970-01-01 00:00:00
C	d54ebc9e85e5469f8d3d036e3d468fd5	95756a71a6a44d6a8b80d1e0d3bba337	2024-04-02 04:13:21	2024-04-02 04:12:01	2023-10-23 10:59:00	707544b2a85c4a6381bf9ac6080db77f	Operations Account		CITY OF TUCSON BILLPAY 231023 TUCSON WATER MEN S ACTIVE 20-30 CLU				c	-3318/100	-3318/100	2024-04-02 04:12:01
===== END
===== START
B	05f03d88e1b94d23ae58a17eddd842a2	268a4c36e0ff4c749b6090c4f8ad423f	2024-04-02 04:13:25	2024-04-02 04:12:01	2023-10-23 10:59:00	2c56b96f6cbe43a6a315b599e0dac3fa	Imbalance-USD		COX COMM PHX BANK DRAFT 102323 qWPepZLLu3lwDeS Men''s Active 20-30 Cl				n	9765/100	9765/100	1970-01-01 00:00:00
B	05f03d88e1b94d23ae58a17eddd842a2	e44e4928c99d4f488876c38c0353a7ad	2024-04-02 04:13:25	2024-04-02 04:12:01	2023-10-23 10:59:00	707544b2a85c4a6381bf9ac6080db77f	Operations Account		COX COMM PHX BANK DRAFT 102323 qWPepZLLu3lwDeS Men''s Active 20-30 Cl				c	-9765/100	-9765/100	2024-04-02 04:12:01
===== END
===== START
C	05f03d88e1b94d23ae58a17eddd842a2	268a4c36e0ff4c749b6090c4f8ad423f	2024-04-02 04:13:25	2024-04-02 04:12:01	2023-10-23 10:59:00	ae760b15331d4e23895839a2dc76f047	Internet		COX COMM PHX BANK DRAFT 102323 qWPepZLLu3lwDeS Men''s Active 20-30 Cl				n	9765/100	9765/100	1970-01-01 00:00:00
C	05f03d88e1b94d23ae58a17eddd842a2	e44e4928c99d4f488876c38c0353a7ad	2024-04-02 04:13:25	2024-04-02 04:12:01	2023-10-23 10:59:00	707544b2a85c4a6381bf9ac6080db77f	Operations Account		COX COMM PHX BANK DRAFT 102323 qWPepZLLu3lwDeS Men''s Active 20-30 Cl				c	-9765/100	-9765/100	2024-04-02 04:12:01
===== END
===== START
B	29b900172d7948998e4e04493c532133	fae21c75bce0426f8182587bde79675c	2024-04-02 04:14:13	2024-04-02 04:12:01	2023-10-23 10:59:00	2c56b96f6cbe43a6a315b599e0dac3fa	Imbalance-USD		PURCHASE AUTHORIZED ON 10/22 USPS KIOSK 0388859 TUCSON AZ S303295793232874 CARD 4511				n	1020/100	1020/100	1970-01-01 00:00:00
B	29b900172d7948998e4e04493c532133	4c987e2413e44d3ba2fb506fbcf355da	2024-04-02 04:14:13	2024-04-02 04:12:01	2023-10-23 10:59:00	707544b2a85c4a6381bf9ac6080db77f	Operations Account		PURCHASE AUTHORIZED ON 10/22 USPS KIOSK 0388859 TUCSON AZ S303295793232874 CARD 4511				c	-1020/100	-1020/100	2024-04-02 04:12:01
===== END
===== START
C	29b900172d7948998e4e04493c532133	fae21c75bce0426f8182587bde79675c	2024-04-02 04:14:13	2024-04-02 04:12:01	2023-10-23 10:59:00	ff65f4c68b204721bbae86e7cc1e6f40	Miscellaneous		PURCHASE AUTHORIZED ON 10/22 USPS KIOSK 0388859 TUCSON AZ S303295793232874 CARD 4511 - Postal expense to mail check for gold reimbursment customer				n	1020/100	1020/100	1970-01-01 00:00:00
C	29b900172d7948998e4e04493c532133	4c987e2413e44d3ba2fb506fbcf355da	2024-04-02 04:14:13	2024-04-02 04:12:01	2023-10-23 10:59:00	707544b2a85c4a6381bf9ac6080db77f	Operations Account		PURCHASE AUTHORIZED ON 10/22 USPS KIOSK 0388859 TUCSON AZ S303295793232874 CARD 4511 - Postal expense to mail check for gold reimbursment customer				c	-1020/100	-1020/100	2024-04-02 04:12:01
===== END
===== START
B	688988e8235a440cb02f2fc998be4320	fa70231068754c83b64c15a4286d4f1c	2024-04-02 04:15:02	2024-04-02 04:12:01	2023-10-30 10:59:00	2c56b96f6cbe43a6a315b599e0dac3fa	Imbalance-USD		TEP Corporate De SNAP PMT 231026 7676019019 Active 20-30 Club of T				n	5499/100	5499/100	1970-01-01 00:00:00
B	688988e8235a440cb02f2fc998be4320	d79e65bab4f24ecf8f5686eec7ad5d3f	2024-04-02 04:15:02	2024-04-02 04:12:01	2023-10-30 10:59:00	707544b2a85c4a6381bf9ac6080db77f	Operations Account		TEP Corporate De SNAP PMT 231026 7676019019 Active 20-30 Club of T				c	-5499/100	-5499/100	2024-04-02 04:12:01
===== END
===== START
C	688988e8235a440cb02f2fc998be4320	fa70231068754c83b64c15a4286d4f1c	2024-04-02 04:15:02	2024-04-02 04:12:01	2023-10-30 10:59:00	5621814c4d744402a8c3332a50d588db	Electric		TEP Corporate De SNAP PMT 231026 7676019019 Active 20-30 Club of T				n	5499/100	5499/100	1970-01-01 00:00:00
C	688988e8235a440cb02f2fc998be4320	d79e65bab4f24ecf8f5686eec7ad5d3f	2024-04-02 04:15:02	2024-04-02 04:12:01	2023-10-30 10:59:00	707544b2a85c4a6381bf9ac6080db77f	Operations Account		TEP Corporate De SNAP PMT 231026 7676019019 Active 20-30 Club of T				c	-5499/100	-5499/100	2024-04-02 04:12:01
===== END
===== START
B	402e5a231fb94ee78b251883668764c6	7f06a99d73f6407694aff6315a636fac	2024-04-02 04:15:05	2024-04-02 04:12:01	2023-11-02 10:59:00	2c56b96f6cbe43a6a315b599e0dac3fa	Imbalance-USD		RECURRING PAYMENT AUTHORIZED ON 11/01 GOOGLE GSUITE_act 650-2530000 CA S383305430798978 CARD 4511				n	782/100	782/100	1970-01-01 00:00:00
B	402e5a231fb94ee78b251883668764c6	d373001f1f294f499ebc517672d8b66c	2024-04-02 04:15:05	2024-04-02 04:12:01	2023-11-02 10:59:00	707544b2a85c4a6381bf9ac6080db77f	Operations Account		RECURRING PAYMENT AUTHORIZED ON 11/01 GOOGLE GSUITE_act 650-2530000 CA S383305430798978 CARD 4511				c	-782/100	-782/100	2024-04-02 04:12:01
===== END
===== START
C	402e5a231fb94ee78b251883668764c6	7f06a99d73f6407694aff6315a636fac	2024-04-02 04:15:05	2024-04-02 04:12:01	2023-11-02 10:59:00	256b6fe7df994c049549166136a1efa1	P.O. Box		RECURRING PAYMENT AUTHORIZED ON 11/01 GOOGLE GSUITE_act 650-2530000 CA S383305430798978 CARD 4511				n	782/100	782/100	1970-01-01 00:00:00
C	402e5a231fb94ee78b251883668764c6	d373001f1f294f499ebc517672d8b66c	2024-04-02 04:15:05	2024-04-02 04:12:01	2023-11-02 10:59:00	707544b2a85c4a6381bf9ac6080db77f	Operations Account		RECURRING PAYMENT AUTHORIZED ON 11/01 GOOGLE GSUITE_act 650-2530000 CA S383305430798978 CARD 4511				c	-782/100	-782/100	2024-04-02 04:12:01
===== END
===== START
B	a299d02c0b5948c6817de378f66f2901	aef03230f1d441afab54e8466b368536	2024-04-02 04:15:36	2024-04-02 04:12:01	2023-11-10 10:59:00	2c56b96f6cbe43a6a315b599e0dac3fa	Imbalance-USD		PURCHASE AUTHORIZED ON 11/10 FRYS-FOOD 201 SWITZER FLAGSTAFF AZ P000000276313088 CARD 4511				n	16247/100	16247/100	1970-01-01 00:00:00
B	a299d02c0b5948c6817de378f66f2901	371b96c4dca64fd2a492d03bade7ef6f	2024-04-02 04:15:36	2024-04-02 04:12:01	2023-11-10 10:59:00	707544b2a85c4a6381bf9ac6080db77f	Operations Account		PURCHASE AUTHORIZED ON 11/10 FRYS-FOOD 201 SWITZER FLAGSTAFF AZ P000000276313088 CARD 4511				c	-16247/100	-16247/100	2024-04-02 04:12:01
===== END
===== START
C	a299d02c0b5948c6817de378f66f2901	aef03230f1d441afab54e8466b368536	2024-04-02 04:15:36	2024-04-02 04:12:01	2023-11-10 10:59:00	7b2fd846c7b44662877b10b131d091b0	Club Events		Frys food purchase for retreat				n	16247/100	16247/100	1970-01-01 00:00:00
C	a299d02c0b5948c6817de378f66f2901	371b96c4dca64fd2a492d03bade7ef6f	2024-04-02 04:15:36	2024-04-02 04:12:01	2023-11-10 10:59:00	707544b2a85c4a6381bf9ac6080db77f	Operations Account		Frys food purchase for retreat				c	-16247/100	-16247/100	2024-04-02 04:12:01
===== END
===== START
B	503a2e297441474ebf392bab065984dc	3e2d7cf1357d44cca274337845256674	2024-04-02 04:16:02	2024-04-02 04:12:01	2023-11-13 10:59:00	2c56b96f6cbe43a6a315b599e0dac3fa	Imbalance-USD		CHECK # 314				n	100000/100	100000/100	1970-01-01 00:00:00
B	503a2e297441474ebf392bab065984dc	b1a7550ef930471aac02ae2d8490539d	2024-04-02 04:16:02	2024-04-02 04:12:01	2023-11-13 10:59:00	707544b2a85c4a6381bf9ac6080db77f	Operations Account		CHECK # 314				c	-100000/100	-100000/100	2024-04-02 04:12:01
===== END
===== START
C	503a2e297441474ebf392bab065984dc	3e2d7cf1357d44cca274337845256674	2024-04-02 04:16:02	2024-04-02 04:12:01	2023-11-13 10:59:00	7b2fd846c7b44662877b10b131d091b0	Club Events		Retreat AirBnB				n	100000/100	100000/100	1970-01-01 00:00:00
C	503a2e297441474ebf392bab065984dc	b1a7550ef930471aac02ae2d8490539d	2024-04-02 04:16:02	2024-04-02 04:12:01	2023-11-13 10:59:00	707544b2a85c4a6381bf9ac6080db77f	Operations Account		Retreat AirBnB				c	-100000/100	-100000/100	2024-04-02 04:12:01
===== END
===== START
B	76d1d019c7aa488e8ca6a85e246ecee5	b54c261882fb48ebbadbf42a337ac4b2	2024-04-02 04:16:07	2024-04-02 04:12:01	2023-11-14 10:59:00	2c56b96f6cbe43a6a315b599e0dac3fa	Imbalance-USD		BUSINESS TO BUSINESS ACH THE HARTFORD NWTBCLSCIC 14374070 MENS ACTIVE 20-30 CLUB				n	11646/100	11646/100	1970-01-01 00:00:00
B	76d1d019c7aa488e8ca6a85e246ecee5	61ab5b7c72cf4157b2f3dbcad58ac97d	2024-04-02 04:16:07	2024-04-02 04:12:01	2023-11-14 10:59:00	707544b2a85c4a6381bf9ac6080db77f	Operations Account		BUSINESS TO BUSINESS ACH THE HARTFORD NWTBCLSCIC 14374070 MENS ACTIVE 20-30 CLUB				c	-11646/100	-11646/100	2024-04-02 04:12:01
===== END
===== START
C	76d1d019c7aa488e8ca6a85e246ecee5	b54c261882fb48ebbadbf42a337ac4b2	2024-04-02 04:16:07	2024-04-02 04:12:01	2023-11-14 10:59:00	00514e5ee86c4b71a4f65efedea6c856	Liability Insurance		BUSINESS TO BUSINESS ACH THE HARTFORD NWTBCLSCIC 14374070 MENS ACTIVE 20-30 CLUB				n	11646/100	11646/100	1970-01-01 00:00:00
C	76d1d019c7aa488e8ca6a85e246ecee5	61ab5b7c72cf4157b2f3dbcad58ac97d	2024-04-02 04:16:07	2024-04-02 04:12:01	2023-11-14 10:59:00	707544b2a85c4a6381bf9ac6080db77f	Operations Account		BUSINESS TO BUSINESS ACH THE HARTFORD NWTBCLSCIC 14374070 MENS ACTIVE 20-30 CLUB				c	-11646/100	-11646/100	2024-04-02 04:12:01
===== END
===== START
B	b9170a9cc43c450993635f107c8cfbb6	5d3f6b8b10374e9185ca05d1333ed8a9	2024-04-02 04:16:12	2024-04-02 04:12:01	2023-11-16 10:59:00	2c56b96f6cbe43a6a315b599e0dac3fa	Imbalance-USD		RECURRING PAYMENT AUTHORIZED ON 11/15 USPS PO BOXES ONLI 800-344-7779 DC S303319455201337 CARD 4511				n	5100/100	5100/100	1970-01-01 00:00:00
B	b9170a9cc43c450993635f107c8cfbb6	efdc57a8ea904c48ba23ba14cb089f76	2024-04-02 04:16:12	2024-04-02 04:12:01	2023-11-16 10:59:00	707544b2a85c4a6381bf9ac6080db77f	Operations Account		RECURRING PAYMENT AUTHORIZED ON 11/15 USPS PO BOXES ONLI 800-344-7779 DC S303319455201337 CARD 4511				c	-5100/100	-5100/100	2024-04-02 04:12:01
===== END
===== START
C	b9170a9cc43c450993635f107c8cfbb6	5d3f6b8b10374e9185ca05d1333ed8a9	2024-04-02 04:16:12	2024-04-02 04:12:01	2023-11-16 10:59:00	256b6fe7df994c049549166136a1efa1	P.O. Box		RECURRING PAYMENT AUTHORIZED ON 11/15 USPS PO BOXES ONLI 800-344-7779 DC S303319455201337 CARD 4511				n	5100/100	5100/100	1970-01-01 00:00:00
C	b9170a9cc43c450993635f107c8cfbb6	efdc57a8ea904c48ba23ba14cb089f76	2024-04-02 04:16:12	2024-04-02 04:12:01	2023-11-16 10:59:00	707544b2a85c4a6381bf9ac6080db77f	Operations Account		RECURRING PAYMENT AUTHORIZED ON 11/15 USPS PO BOXES ONLI 800-344-7779 DC S303319455201337 CARD 4511				c	-5100/100	-5100/100	2024-04-02 04:12:01
===== END
===== START
B	d0712c1492f2415c8fa2f49910154368	1d304d7aa6df4f1c9b03d0a5ad929c6f	2024-04-02 04:16:16	2024-04-02 04:12:01	2023-11-21 10:59:00	2c56b96f6cbe43a6a315b599e0dac3fa	Imbalance-USD		COX COMM PHX BANK DRAFT 112123 Nnt8RkvfS8LZeAL Men''s Active 20-30 Cl				n	9765/100	9765/100	1970-01-01 00:00:00
B	d0712c1492f2415c8fa2f49910154368	a20e62801505472aa0886d501e18dc6b	2024-04-02 04:16:16	2024-04-02 04:12:01	2023-11-21 10:59:00	707544b2a85c4a6381bf9ac6080db77f	Operations Account		COX COMM PHX BANK DRAFT 112123 Nnt8RkvfS8LZeAL Men''s Active 20-30 Cl				c	-9765/100	-9765/100	2024-04-02 04:12:01
===== END
===== START
C	d0712c1492f2415c8fa2f49910154368	1d304d7aa6df4f1c9b03d0a5ad929c6f	2024-04-02 04:16:16	2024-04-02 04:12:01	2023-11-21 10:59:00	ae760b15331d4e23895839a2dc76f047	Internet		COX COMM PHX BANK DRAFT 112123 Nnt8RkvfS8LZeAL Men''s Active 20-30 Cl				n	9765/100	9765/100	1970-01-01 00:00:00
C	d0712c1492f2415c8fa2f49910154368	a20e62801505472aa0886d501e18dc6b	2024-04-02 04:16:16	2024-04-02 04:12:01	2023-11-21 10:59:00	707544b2a85c4a6381bf9ac6080db77f	Operations Account		COX COMM PHX BANK DRAFT 112123 Nnt8RkvfS8LZeAL Men''s Active 20-30 Cl				c	-9765/100	-9765/100	2024-04-02 04:12:01
===== END
===== START
B	da21f5915b5d4c3fb11cbaac4b850840	f31097c463054813bc089c4604e7cf91	2024-04-02 04:16:18	2024-04-02 04:12:01	2023-11-24 10:59:00	2c56b96f6cbe43a6a315b599e0dac3fa	Imbalance-USD		CITY OF TUCSON BILLPAY 231124 TUCSON WATER MEN S ACTIVE 20-30 CLU				n	3318/100	3318/100	1970-01-01 00:00:00
B	da21f5915b5d4c3fb11cbaac4b850840	dc6ea1f5430e464b94c36600287e3efb	2024-04-02 04:16:18	2024-04-02 04:12:01	2023-11-24 10:59:00	707544b2a85c4a6381bf9ac6080db77f	Operations Account		CITY OF TUCSON BILLPAY 231124 TUCSON WATER MEN S ACTIVE 20-30 CLU				c	-3318/100	-3318/100	2024-04-02 04:12:01
===== END
===== START
C	da21f5915b5d4c3fb11cbaac4b850840	f31097c463054813bc089c4604e7cf91	2024-04-02 04:16:18	2024-04-02 04:12:01	2023-11-24 10:59:00	f7d41df9ed304b5b8006b284a9f84851	Water		CITY OF TUCSON BILLPAY 231124 TUCSON WATER MEN S ACTIVE 20-30 CLU				n	3318/100	3318/100	1970-01-01 00:00:00
C	da21f5915b5d4c3fb11cbaac4b850840	dc6ea1f5430e464b94c36600287e3efb	2024-04-02 04:16:18	2024-04-02 04:12:01	2023-11-24 10:59:00	707544b2a85c4a6381bf9ac6080db77f	Operations Account		CITY OF TUCSON BILLPAY 231124 TUCSON WATER MEN S ACTIVE 20-30 CLU				c	-3318/100	-3318/100	2024-04-02 04:12:01
===== END
===== START
B	d0cdf5cb4cb7496cadb3d4fb6189c5e3	dc7fd1b861374d198f1127bf1ddfa5a8	2024-04-02 04:16:21	2024-04-02 04:12:01	2023-12-01 10:59:00	2c56b96f6cbe43a6a315b599e0dac3fa	Imbalance-USD		TEP Corporate De SNAP PMT 231129 7676019019 Active 20-30 Club of T				n	4763/100	4763/100	1970-01-01 00:00:00
B	d0cdf5cb4cb7496cadb3d4fb6189c5e3	537f039d0aad4c22a36b815d47cc45be	2024-04-02 04:16:21	2024-04-02 04:12:01	2023-12-01 10:59:00	707544b2a85c4a6381bf9ac6080db77f	Operations Account		TEP Corporate De SNAP PMT 231129 7676019019 Active 20-30 Club of T				c	-4763/100	-4763/100	2024-04-02 04:12:01
===== END
===== START
C	d0cdf5cb4cb7496cadb3d4fb6189c5e3	dc7fd1b861374d198f1127bf1ddfa5a8	2024-04-02 04:16:21	2024-04-02 04:12:01	2023-12-01 10:59:00	5621814c4d744402a8c3332a50d588db	Electric		TEP Corporate De SNAP PMT 231129 7676019019 Active 20-30 Club of T				n	4763/100	4763/100	1970-01-01 00:00:00
C	d0cdf5cb4cb7496cadb3d4fb6189c5e3	537f039d0aad4c22a36b815d47cc45be	2024-04-02 04:16:21	2024-04-02 04:12:01	2023-12-01 10:59:00	707544b2a85c4a6381bf9ac6080db77f	Operations Account		TEP Corporate De SNAP PMT 231129 7676019019 Active 20-30 Club of T				c	-4763/100	-4763/100	2024-04-02 04:12:01
===== END
===== START
B	09264e8437b646f49c8ab42f5d5f055a	1f4c8432a4ed48a3a214faec9c908d8d	2024-04-02 04:16:29	2024-04-02 04:12:01	2023-12-14 10:59:00	2c56b96f6cbe43a6a315b599e0dac3fa	Imbalance-USD		BUSINESS TO BUSINESS ACH THE HARTFORD NWTBCLSCIC 14374070 MENS ACTIVE 20-30 CLUB				n	11646/100	11646/100	1970-01-01 00:00:00
B	09264e8437b646f49c8ab42f5d5f055a	0ecaef4fc6c34fa9abda016ffee0d38a	2024-04-02 04:16:29	2024-04-02 04:12:01	2023-12-14 10:59:00	707544b2a85c4a6381bf9ac6080db77f	Operations Account		BUSINESS TO BUSINESS ACH THE HARTFORD NWTBCLSCIC 14374070 MENS ACTIVE 20-30 CLUB				c	-11646/100	-11646/100	2024-04-02 04:12:01
===== END
===== START
C	09264e8437b646f49c8ab42f5d5f055a	1f4c8432a4ed48a3a214faec9c908d8d	2024-04-02 04:16:29	2024-04-02 04:12:01	2023-12-14 10:59:00	00514e5ee86c4b71a4f65efedea6c856	Liability Insurance		BUSINESS TO BUSINESS ACH THE HARTFORD NWTBCLSCIC 14374070 MENS ACTIVE 20-30 CLUB				n	11646/100	11646/100	1970-01-01 00:00:00
C	09264e8437b646f49c8ab42f5d5f055a	0ecaef4fc6c34fa9abda016ffee0d38a	2024-04-02 04:16:29	2024-04-02 04:12:01	2023-12-14 10:59:00	707544b2a85c4a6381bf9ac6080db77f	Operations Account		BUSINESS TO BUSINESS ACH THE HARTFORD NWTBCLSCIC 14374070 MENS ACTIVE 20-30 CLUB				c	-11646/100	-11646/100	2024-04-02 04:12:01
===== END
===== START
B	234e8adfabcc4e6d9a1c7eae91d56d03	b6a83836546f44d697a5b9f9481137e9	2024-04-02 04:16:33	2024-04-02 04:12:01	2023-12-15 10:59:00	2c56b96f6cbe43a6a315b599e0dac3fa	Imbalance-USD		RECURRING PAYMENT AUTHORIZED ON 12/14 GOOGLE GSUITE_act 650-2530000 CA S463348554666914 CARD 4511				n	782/100	782/100	1970-01-01 00:00:00
B	234e8adfabcc4e6d9a1c7eae91d56d03	fc8aa18ab39d4760b3062576bde2e0be	2024-04-02 04:16:33	2024-04-02 04:12:01	2023-12-15 10:59:00	707544b2a85c4a6381bf9ac6080db77f	Operations Account		RECURRING PAYMENT AUTHORIZED ON 12/14 GOOGLE GSUITE_act 650-2530000 CA S463348554666914 CARD 4511				c	-782/100	-782/100	2024-04-02 04:12:01
===== END
===== START
C	234e8adfabcc4e6d9a1c7eae91d56d03	b6a83836546f44d697a5b9f9481137e9	2024-04-02 04:16:33	2024-04-02 04:12:01	2023-12-15 10:59:00	a18087350a4f45ea91ee4a740cc19934	Gmail Subscription		RECURRING PAYMENT AUTHORIZED ON 12/14 GOOGLE GSUITE_act 650-2530000 CA S463348554666914 CARD 4511				n	782/100	782/100	1970-01-01 00:00:00
C	234e8adfabcc4e6d9a1c7eae91d56d03	fc8aa18ab39d4760b3062576bde2e0be	2024-04-02 04:16:33	2024-04-02 04:12:01	2023-12-15 10:59:00	707544b2a85c4a6381bf9ac6080db77f	Operations Account		RECURRING PAYMENT AUTHORIZED ON 12/14 GOOGLE GSUITE_act 650-2530000 CA S463348554666914 CARD 4511				c	-782/100	-782/100	2024-04-02 04:12:01
===== END
===== START
B	bb351cd7571d4354a60ee4d4fb32bba8	968ed270ef5b46148ae98047a69a9a49	2024-04-02 04:16:36	2024-04-02 04:12:01	2023-12-26 10:59:00	2c56b96f6cbe43a6a315b599e0dac3fa	Imbalance-USD		CITY OF TUCSON BILLPAY 231226 TUCSON WATER MEN S ACTIVE 20-30 CLU				n	3318/100	3318/100	1970-01-01 00:00:00
B	bb351cd7571d4354a60ee4d4fb32bba8	0090499540cf4259a57b43fb131d696b	2024-04-02 04:16:36	2024-04-02 04:12:01	2023-12-26 10:59:00	707544b2a85c4a6381bf9ac6080db77f	Operations Account		CITY OF TUCSON BILLPAY 231226 TUCSON WATER MEN S ACTIVE 20-30 CLU				c	-3318/100	-3318/100	2024-04-02 04:12:01
===== END
===== START
C	bb351cd7571d4354a60ee4d4fb32bba8	968ed270ef5b46148ae98047a69a9a49	2024-04-02 04:16:36	2024-04-02 04:12:01	2023-12-26 10:59:00	f7d41df9ed304b5b8006b284a9f84851	Water		CITY OF TUCSON BILLPAY 231226 TUCSON WATER MEN S ACTIVE 20-30 CLU				n	3318/100	3318/100	1970-01-01 00:00:00
C	bb351cd7571d4354a60ee4d4fb32bba8	0090499540cf4259a57b43fb131d696b	2024-04-02 04:16:36	2024-04-02 04:12:01	2023-12-26 10:59:00	707544b2a85c4a6381bf9ac6080db77f	Operations Account		CITY OF TUCSON BILLPAY 231226 TUCSON WATER MEN S ACTIVE 20-30 CLU				c	-3318/100	-3318/100	2024-04-02 04:12:01
===== END
===== START
B	455b89e7c34b48f484cb33c46eeeca34	663c485aaf854146b3b70892a457ec41	2024-04-02 04:16:40	2024-04-02 04:12:01	2023-12-26 10:59:00	2c56b96f6cbe43a6a315b599e0dac3fa	Imbalance-USD		COX COMM PHX BANK DRAFT 122323 SVrG0YOzYKL6USO Men''s Active 20-30 Cl				n	9765/100	9765/100	1970-01-01 00:00:00
B	455b89e7c34b48f484cb33c46eeeca34	7ed791a4874743e7bd212e0c23178a5a	2024-04-02 04:16:40	2024-04-02 04:12:01	2023-12-26 10:59:00	707544b2a85c4a6381bf9ac6080db77f	Operations Account		COX COMM PHX BANK DRAFT 122323 SVrG0YOzYKL6USO Men''s Active 20-30 Cl				c	-9765/100	-9765/100	2024-04-02 04:12:01
===== END
===== START
C	455b89e7c34b48f484cb33c46eeeca34	663c485aaf854146b3b70892a457ec41	2024-04-02 04:16:40	2024-04-02 04:12:01	2023-12-26 10:59:00	ae760b15331d4e23895839a2dc76f047	Internet		COX COMM PHX BANK DRAFT 122323 SVrG0YOzYKL6USO Men''s Active 20-30 Cl				n	9765/100	9765/100	1970-01-01 00:00:00
C	455b89e7c34b48f484cb33c46eeeca34	7ed791a4874743e7bd212e0c23178a5a	2024-04-02 04:16:40	2024-04-02 04:12:01	2023-12-26 10:59:00	707544b2a85c4a6381bf9ac6080db77f	Operations Account		COX COMM PHX BANK DRAFT 122323 SVrG0YOzYKL6USO Men''s Active 20-30 Cl				c	-9765/100	-9765/100	2024-04-02 04:12:01
===== END
===== START
B	db5b343a73674f36b66a2616fc37ae34	b6d8850c4ed64447a4fd6a89f83fd1bc	2024-04-02 04:16:44	2024-04-02 04:12:01	2024-01-02 10:59:00	2c56b96f6cbe43a6a315b599e0dac3fa	Imbalance-USD		RECURRING PAYMENT AUTHORIZED ON 01/01 GOOGLE GSUITE_act 650-2530000 CA S584001460048819 CARD 4511				n	782/100	782/100	1970-01-01 00:00:00
B	db5b343a73674f36b66a2616fc37ae34	b8a916ba136b41f7a57742f5652da262	2024-04-02 04:16:44	2024-04-02 04:12:01	2024-01-02 10:59:00	707544b2a85c4a6381bf9ac6080db77f	Operations Account		RECURRING PAYMENT AUTHORIZED ON 01/01 GOOGLE GSUITE_act 650-2530000 CA S584001460048819 CARD 4511				c	-782/100	-782/100	2024-04-02 04:12:01
===== END
===== START
C	db5b343a73674f36b66a2616fc37ae34	b6d8850c4ed64447a4fd6a89f83fd1bc	2024-04-02 04:16:44	2024-04-02 04:12:01	2024-01-02 10:59:00	a18087350a4f45ea91ee4a740cc19934	Gmail Subscription		RECURRING PAYMENT AUTHORIZED ON 01/01 GOOGLE GSUITE_act 650-2530000 CA S584001460048819 CARD 4511				n	782/100	782/100	1970-01-01 00:00:00
C	db5b343a73674f36b66a2616fc37ae34	b8a916ba136b41f7a57742f5652da262	2024-04-02 04:16:44	2024-04-02 04:12:01	2024-01-02 10:59:00	707544b2a85c4a6381bf9ac6080db77f	Operations Account		RECURRING PAYMENT AUTHORIZED ON 01/01 GOOGLE GSUITE_act 650-2530000 CA S584001460048819 CARD 4511				c	-782/100	-782/100	2024-04-02 04:12:01
===== END
===== START
B	ac3ec48e19d4400d9a8d14feefce65dd	7dc13649ccca4df68d57bd16584aff78	2024-04-02 04:16:51	2024-04-02 04:12:01	2024-01-02 10:59:00	2c56b96f6cbe43a6a315b599e0dac3fa	Imbalance-USD		TEP Corporate De SNAP PMT 231228 7676019019 Active 20-30 Club of T				n	4456/100	4456/100	1970-01-01 00:00:00
B	ac3ec48e19d4400d9a8d14feefce65dd	bd60b18260314d1893f58dc1801af6b2	2024-04-02 04:16:51	2024-04-02 04:12:01	2024-01-02 10:59:00	707544b2a85c4a6381bf9ac6080db77f	Operations Account		TEP Corporate De SNAP PMT 231228 7676019019 Active 20-30 Club of T				c	-4456/100	-4456/100	2024-04-02 04:12:01
===== END
===== START
C	ac3ec48e19d4400d9a8d14feefce65dd	7dc13649ccca4df68d57bd16584aff78	2024-04-02 04:16:51	2024-04-02 04:12:01	2024-01-02 10:59:00	5621814c4d744402a8c3332a50d588db	Electric		TEP Corporate De SNAP PMT 231228 7676019019 Active 20-30 Club of T				n	4456/100	4456/100	1970-01-01 00:00:00
C	ac3ec48e19d4400d9a8d14feefce65dd	bd60b18260314d1893f58dc1801af6b2	2024-04-02 04:16:51	2024-04-02 04:12:01	2024-01-02 10:59:00	707544b2a85c4a6381bf9ac6080db77f	Operations Account		TEP Corporate De SNAP PMT 231228 7676019019 Active 20-30 Club of T				c	-4456/100	-4456/100	2024-04-02 04:12:01
===== END
===== START
B	4ae0f9359c694c52b37b7d1cbeba0bc4	1a5c9b4a192b4ab89915c2246b9d0bf0	2024-04-02 04:16:55	2024-04-02 04:12:01	2024-01-16 10:59:00	2c56b96f6cbe43a6a315b599e0dac3fa	Imbalance-USD		BUSINESS TO BUSINESS ACH THE HARTFORD INS PMT CL 14374070 MENS ACTIVE 20-30 CLUB				n	11646/100	11646/100	1970-01-01 00:00:00
B	4ae0f9359c694c52b37b7d1cbeba0bc4	93abc07c285941628d067aec6db7cd90	2024-04-02 04:16:55	2024-04-02 04:12:01	2024-01-16 10:59:00	707544b2a85c4a6381bf9ac6080db77f	Operations Account		BUSINESS TO BUSINESS ACH THE HARTFORD INS PMT CL 14374070 MENS ACTIVE 20-30 CLUB				c	-11646/100	-11646/100	2024-04-02 04:12:01
===== END
===== START
C	4ae0f9359c694c52b37b7d1cbeba0bc4	1a5c9b4a192b4ab89915c2246b9d0bf0	2024-04-02 04:16:55	2024-04-02 04:12:01	2024-01-16 10:59:00	00514e5ee86c4b71a4f65efedea6c856	Liability Insurance		BUSINESS TO BUSINESS ACH THE HARTFORD INS PMT CL 14374070 MENS ACTIVE 20-30 CLUB				n	11646/100	11646/100	1970-01-01 00:00:00
C	4ae0f9359c694c52b37b7d1cbeba0bc4	93abc07c285941628d067aec6db7cd90	2024-04-02 04:16:55	2024-04-02 04:12:01	2024-01-16 10:59:00	707544b2a85c4a6381bf9ac6080db77f	Operations Account		BUSINESS TO BUSINESS ACH THE HARTFORD INS PMT CL 14374070 MENS ACTIVE 20-30 CLUB				c	-11646/100	-11646/100	2024-04-02 04:12:01
===== END
