mod	trans_guid	split_guid	time_now	date_entered	date_posted	acc_guid	acc_name	num	description	notes	memo	action	reconciled	amount	value	date_reconciled
-----------------
===== START
===== END
===== START
===== END
===== START
===== END
===== START
===== END
===== START
===== END
===== START
===== END
===== START
===== END
===== START
===== END
===== START
===== END
===== START
===== END
===== START
===== END
===== START
===== END
===== START
===== END
===== START
===== END
===== START
===== END
===== START
C	6ad25b30765c4968bfa9439f1078075a	a9afda83e4d94491a424355a69208e05	2024-04-04 01:23:48	2024-04-04 01:23:48	2023-10-11 10:59:00	2ffc5948156142e484df9270db51406c	Venmo		Q4 Dues				c	12500/100	12500/100	2024-04-04 01:23:48
C	6ad25b30765c4968bfa9439f1078075a	b7af5c16d05247da93fe93f763670cec	2024-04-04 01:23:48	2024-04-04 01:23:48	2023-10-11 10:59:00	2c56b96f6cbe43a6a315b599e0dac3fa	Imbalance-USD		Q4 Dues				n	-12500/100	-12500/100	1970-01-01 00:00:00
===== END
===== START
C	ce28cdc8fe984299bcf45e55cd94fa39	40860aa054a34972977eb7ddaf057d8e	2024-04-04 01:23:48	2024-04-04 01:23:48	2023-10-11 10:59:00	2ffc5948156142e484df9270db51406c	Venmo		Q4 Dues				c	12500/100	12500/100	2024-04-04 01:23:48
C	ce28cdc8fe984299bcf45e55cd94fa39	323b9c7266a941868dd60f26c2ed3daa	2024-04-04 01:23:48	2024-04-04 01:23:48	2023-10-11 10:59:00	2c56b96f6cbe43a6a315b599e0dac3fa	Imbalance-USD		Q4 Dues				n	-12500/100	-12500/100	1970-01-01 00:00:00
===== END
===== START
C	ade7d24c42a14a0dbe9033387756c873	ff3c2144bdc447d0a1c8b243dc02348f	2024-04-04 01:23:48	2024-04-04 01:23:48	2023-10-12 10:59:00	2ffc5948156142e484df9270db51406c	Venmo		Pennies				c	232/100	232/100	2024-04-04 01:23:48
C	ade7d24c42a14a0dbe9033387756c873	6176a12f792b42ea839b3f2df35563da	2024-04-04 01:23:48	2024-04-04 01:23:48	2023-10-12 10:59:00	2c56b96f6cbe43a6a315b599e0dac3fa	Imbalance-USD		Pennies				n	-232/100	-232/100	1970-01-01 00:00:00
===== END
===== START
C	bcd1e03f04f34d34ad681d5a8496f275	83482173498f45019fcaaf80d1c8ac8f	2024-04-04 01:23:48	2024-04-04 01:23:48	2023-10-12 10:59:00	2ffc5948156142e484df9270db51406c	Venmo		Pennies				c	434/100	434/100	2024-04-04 01:23:48
C	bcd1e03f04f34d34ad681d5a8496f275	8003caf2a1c3464fb166266e2f088929	2024-04-04 01:23:48	2024-04-04 01:23:48	2023-10-12 10:59:00	2c56b96f6cbe43a6a315b599e0dac3fa	Imbalance-USD		Pennies				n	-434/100	-434/100	1970-01-01 00:00:00
===== END
===== START
C	2f3440080c2846edb2ac1f2a109d271c	10a3b307919843d5a1815f5329d38432	2024-04-04 01:23:48	2024-04-04 01:23:48	2023-10-12 10:59:00	2ffc5948156142e484df9270db51406c	Venmo		pennie’s				c	264/100	264/100	2024-04-04 01:23:48
C	2f3440080c2846edb2ac1f2a109d271c	3938675fddb24238ae0663c95e4bdbe4	2024-04-04 01:23:48	2024-04-04 01:23:48	2023-10-12 10:59:00	2c56b96f6cbe43a6a315b599e0dac3fa	Imbalance-USD		pennie’s				n	-264/100	-264/100	1970-01-01 00:00:00
===== END
===== START
C	36d97f6c6e564bc6b75cc0a9546671a2	775412a05ec2476f86ac5b7f2f1f42b0	2024-04-04 01:23:48	2024-04-04 01:23:48	2023-10-12 10:59:00	2ffc5948156142e484df9270db51406c	Venmo		Double pennies				c	1427/100	1427/100	2024-04-04 01:23:48
C	36d97f6c6e564bc6b75cc0a9546671a2	5e3d33d5aa044913b9e22cc427e694f8	2024-04-04 01:23:48	2024-04-04 01:23:48	2023-10-12 10:59:00	2c56b96f6cbe43a6a315b599e0dac3fa	Imbalance-USD		Double pennies				n	-1427/100	-1427/100	1970-01-01 00:00:00
===== END
===== START
C	7a879173b0cd4879ad80e17d0a695f8c	d13455f9cb554641967c369bdb5307b3	2024-04-04 01:23:48	2024-04-04 01:23:48	2023-10-12 10:59:00	2ffc5948156142e484df9270db51406c	Venmo		Pennies				c	200/100	200/100	2024-04-04 01:23:48
C	7a879173b0cd4879ad80e17d0a695f8c	6c3564e3a033447d9a21c607912a9891	2024-04-04 01:23:48	2024-04-04 01:23:48	2023-10-12 10:59:00	2c56b96f6cbe43a6a315b599e0dac3fa	Imbalance-USD		Pennies				n	-200/100	-200/100	1970-01-01 00:00:00
===== END
===== START
C	cdc3ec0e47ab4c40b0eeac15d55a64b6	c0a7d5534a814d89803abadfe9858f5b	2024-04-04 01:23:48	2024-04-04 01:23:48	2023-10-12 10:59:00	2ffc5948156142e484df9270db51406c	Venmo		💀💰				c	666/100	666/100	2024-04-04 01:23:48
C	cdc3ec0e47ab4c40b0eeac15d55a64b6	344beb0e07374cdfbe78b06e2a0f4cac	2024-04-04 01:23:48	2024-04-04 01:23:48	2023-10-12 10:59:00	2c56b96f6cbe43a6a315b599e0dac3fa	Imbalance-USD		💀💰				n	-666/100	-666/100	1970-01-01 00:00:00
===== END
===== START
C	4a0648d8dcae45a19d18db057cd8025c	f7d5fe0ea2da41da8241779fd14a6dd3	2024-04-04 01:23:48	2024-04-04 01:23:48	2023-10-12 10:59:00	2ffc5948156142e484df9270db51406c	Venmo		Q4 Dues				c	12500/100	12500/100	2024-04-04 01:23:48
C	4a0648d8dcae45a19d18db057cd8025c	939e356141014ef29005575d1b31bc4d	2024-04-04 01:23:48	2024-04-04 01:23:48	2023-10-12 10:59:00	2c56b96f6cbe43a6a315b599e0dac3fa	Imbalance-USD		Q4 Dues				n	-12500/100	-12500/100	1970-01-01 00:00:00
===== END
===== START
C	c7da070d540843259d7e3a42d31a07e0	b4da07b6a8864bb3b0a924fadf8a4596	2024-04-04 01:23:48	2024-04-04 01:23:48	2023-10-12 10:59:00	2ffc5948156142e484df9270db51406c	Venmo		Q4 Dues				c	12500/100	12500/100	2024-04-04 01:23:48
C	c7da070d540843259d7e3a42d31a07e0	1b2dc0b9babe4ce4a6f11430c6b3aee4	2024-04-04 01:23:48	2024-04-04 01:23:48	2023-10-12 10:59:00	2c56b96f6cbe43a6a315b599e0dac3fa	Imbalance-USD		Q4 Dues				n	-12500/100	-12500/100	1970-01-01 00:00:00
===== END
===== START
C	0f64766f0c374d52b33e418dcfae0c83	58303808268748e79ec14191e71b03e7	2024-04-04 01:23:48	2024-04-04 01:23:48	2023-10-16 10:59:00	2ffc5948156142e484df9270db51406c	Venmo		Q4 Dues				c	12500/100	12500/100	2024-04-04 01:23:48
C	0f64766f0c374d52b33e418dcfae0c83	54c019eb792846759c2194c77de94d45	2024-04-04 01:23:48	2024-04-04 01:23:48	2023-10-16 10:59:00	2c56b96f6cbe43a6a315b599e0dac3fa	Imbalance-USD		Q4 Dues				n	-12500/100	-12500/100	1970-01-01 00:00:00
===== END
===== START
C	6b4d5dac6cde4160b182810973d7d4a1	86196ae26deb4255874497f073c389f6	2024-04-04 01:23:48	2024-04-04 01:23:48	2023-10-17 10:59:00	2ffc5948156142e484df9270db51406c	Venmo		Q4 Dues				c	12500/100	12500/100	2024-04-04 01:23:48
C	6b4d5dac6cde4160b182810973d7d4a1	1b01826da4584ba588a854d4d427ff05	2024-04-04 01:23:48	2024-04-04 01:23:48	2023-10-17 10:59:00	2c56b96f6cbe43a6a315b599e0dac3fa	Imbalance-USD		Q4 Dues				n	-12500/100	-12500/100	1970-01-01 00:00:00
===== END
===== START
C	d67af692cf1744f88722a2b2c14928f9	c95239d718a84577b8faa12b38e715a4	2024-04-04 01:23:48	2024-04-04 01:23:48	2023-10-18 10:59:00	2ffc5948156142e484df9270db51406c	Venmo		Q4 Dues				c	12500/100	12500/100	2024-04-04 01:23:48
C	d67af692cf1744f88722a2b2c14928f9	9ae37df0ee194594a673325e2f2337a6	2024-04-04 01:23:48	2024-04-04 01:23:48	2023-10-18 10:59:00	2c56b96f6cbe43a6a315b599e0dac3fa	Imbalance-USD		Q4 Dues				n	-12500/100	-12500/100	1970-01-01 00:00:00
===== END
===== START
C	364c002addc940d69bc2338bacbcd07a	8235962a33b841b58959d3b46829b5a2	2024-04-04 01:23:48	2024-04-04 01:23:48	2023-10-20 10:59:00	2ffc5948156142e484df9270db51406c	Venmo		Q4 Dues				c	12500/100	12500/100	2024-04-04 01:23:48
C	364c002addc940d69bc2338bacbcd07a	aa82d1f2bc1c434bb7548fe4b6010c45	2024-04-04 01:23:48	2024-04-04 01:23:48	2023-10-20 10:59:00	2c56b96f6cbe43a6a315b599e0dac3fa	Imbalance-USD		Q4 Dues				n	-12500/100	-12500/100	1970-01-01 00:00:00
===== END
===== START
B	6ad25b30765c4968bfa9439f1078075a	a9afda83e4d94491a424355a69208e05	2024-04-04 01:24:00	2024-04-04 01:23:48	2023-10-11 10:59:00	2ffc5948156142e484df9270db51406c	Venmo		Q4 Dues				c	12500/100	12500/100	2024-04-04 01:23:48
B	6ad25b30765c4968bfa9439f1078075a	b7af5c16d05247da93fe93f763670cec	2024-04-04 01:24:00	2024-04-04 01:23:48	2023-10-11 10:59:00	2c56b96f6cbe43a6a315b599e0dac3fa	Imbalance-USD		Q4 Dues				n	-12500/100	-12500/100	1970-01-01 00:00:00
===== END
===== START
C	6ad25b30765c4968bfa9439f1078075a	a9afda83e4d94491a424355a69208e05	2024-04-04 01:24:00	2024-04-04 01:23:48	2023-10-11 10:59:00	2ffc5948156142e484df9270db51406c	Venmo		Q4 Dues				c	12500/100	12500/100	2024-04-04 01:23:48
C	6ad25b30765c4968bfa9439f1078075a	b7af5c16d05247da93fe93f763670cec	2024-04-04 01:24:00	2024-04-04 01:23:48	2023-10-11 10:59:00	22d5e00f160f462ca2a0ba02b6c0aa3b	Club Member Dues		Q4 Dues				n	-12500/100	-12500/100	1970-01-01 00:00:00
===== END
===== START
B	ce28cdc8fe984299bcf45e55cd94fa39	40860aa054a34972977eb7ddaf057d8e	2024-04-04 01:24:05	2024-04-04 01:23:48	2023-10-11 10:59:00	2ffc5948156142e484df9270db51406c	Venmo		Q4 Dues				c	12500/100	12500/100	2024-04-04 01:23:48
B	ce28cdc8fe984299bcf45e55cd94fa39	323b9c7266a941868dd60f26c2ed3daa	2024-04-04 01:24:05	2024-04-04 01:23:48	2023-10-11 10:59:00	2c56b96f6cbe43a6a315b599e0dac3fa	Imbalance-USD		Q4 Dues				n	-12500/100	-12500/100	1970-01-01 00:00:00
===== END
===== START
C	ce28cdc8fe984299bcf45e55cd94fa39	40860aa054a34972977eb7ddaf057d8e	2024-04-04 01:24:05	2024-04-04 01:23:48	2023-10-11 10:59:00	2ffc5948156142e484df9270db51406c	Venmo		Q4 Dues				c	12500/100	12500/100	2024-04-04 01:23:48
C	ce28cdc8fe984299bcf45e55cd94fa39	323b9c7266a941868dd60f26c2ed3daa	2024-04-04 01:24:05	2024-04-04 01:23:48	2023-10-11 10:59:00	22d5e00f160f462ca2a0ba02b6c0aa3b	Club Member Dues		Q4 Dues				n	-12500/100	-12500/100	1970-01-01 00:00:00
===== END
===== START
B	36d97f6c6e564bc6b75cc0a9546671a2	775412a05ec2476f86ac5b7f2f1f42b0	2024-04-04 01:24:11	2024-04-04 01:23:48	2023-10-12 10:59:00	2ffc5948156142e484df9270db51406c	Venmo		Double pennies				c	1427/100	1427/100	2024-04-04 01:23:48
B	36d97f6c6e564bc6b75cc0a9546671a2	5e3d33d5aa044913b9e22cc427e694f8	2024-04-04 01:24:11	2024-04-04 01:23:48	2023-10-12 10:59:00	2c56b96f6cbe43a6a315b599e0dac3fa	Imbalance-USD		Double pennies				n	-1427/100	-1427/100	1970-01-01 00:00:00
===== END
===== START
C	36d97f6c6e564bc6b75cc0a9546671a2	775412a05ec2476f86ac5b7f2f1f42b0	2024-04-04 01:24:11	2024-04-04 01:23:48	2023-10-12 10:59:00	2ffc5948156142e484df9270db51406c	Venmo		Double pennies				c	1427/100	1427/100	2024-04-04 01:23:48
C	36d97f6c6e564bc6b75cc0a9546671a2	5e3d33d5aa044913b9e22cc427e694f8	2024-04-04 01:24:11	2024-04-04 01:23:48	2023-10-12 10:59:00	66f7ea05ea0c42e8853cdcc72dc714f2	Penny Donations		Double pennies				n	-1427/100	-1427/100	1970-01-01 00:00:00
===== END
===== START
B	2f3440080c2846edb2ac1f2a109d271c	10a3b307919843d5a1815f5329d38432	2024-04-04 01:24:16	2024-04-04 01:23:48	2023-10-12 10:59:00	2ffc5948156142e484df9270db51406c	Venmo		pennie’s				c	264/100	264/100	2024-04-04 01:23:48
B	2f3440080c2846edb2ac1f2a109d271c	3938675fddb24238ae0663c95e4bdbe4	2024-04-04 01:24:16	2024-04-04 01:23:48	2023-10-12 10:59:00	2c56b96f6cbe43a6a315b599e0dac3fa	Imbalance-USD		pennie’s				n	-264/100	-264/100	1970-01-01 00:00:00
===== END
===== START
C	2f3440080c2846edb2ac1f2a109d271c	10a3b307919843d5a1815f5329d38432	2024-04-04 01:24:16	2024-04-04 01:23:48	2023-10-12 10:59:00	2ffc5948156142e484df9270db51406c	Venmo		pennie’s				c	264/100	264/100	2024-04-04 01:23:48
C	2f3440080c2846edb2ac1f2a109d271c	3938675fddb24238ae0663c95e4bdbe4	2024-04-04 01:24:16	2024-04-04 01:23:48	2023-10-12 10:59:00	66f7ea05ea0c42e8853cdcc72dc714f2	Penny Donations		pennie’s				n	-264/100	-264/100	1970-01-01 00:00:00
===== END
===== START
B	7a879173b0cd4879ad80e17d0a695f8c	d13455f9cb554641967c369bdb5307b3	2024-04-04 01:24:19	2024-04-04 01:23:48	2023-10-12 10:59:00	2ffc5948156142e484df9270db51406c	Venmo		Pennies				c	200/100	200/100	2024-04-04 01:23:48
B	7a879173b0cd4879ad80e17d0a695f8c	6c3564e3a033447d9a21c607912a9891	2024-04-04 01:24:19	2024-04-04 01:23:48	2023-10-12 10:59:00	2c56b96f6cbe43a6a315b599e0dac3fa	Imbalance-USD		Pennies				n	-200/100	-200/100	1970-01-01 00:00:00
===== END
===== START
C	7a879173b0cd4879ad80e17d0a695f8c	d13455f9cb554641967c369bdb5307b3	2024-04-04 01:24:19	2024-04-04 01:23:48	2023-10-12 10:59:00	2ffc5948156142e484df9270db51406c	Venmo		Pennies				c	200/100	200/100	2024-04-04 01:23:48
C	7a879173b0cd4879ad80e17d0a695f8c	6c3564e3a033447d9a21c607912a9891	2024-04-04 01:24:19	2024-04-04 01:23:48	2023-10-12 10:59:00	66f7ea05ea0c42e8853cdcc72dc714f2	Penny Donations		Pennies				n	-200/100	-200/100	1970-01-01 00:00:00
===== END
===== START
B	ade7d24c42a14a0dbe9033387756c873	ff3c2144bdc447d0a1c8b243dc02348f	2024-04-04 01:24:24	2024-04-04 01:23:48	2023-10-12 10:59:00	2ffc5948156142e484df9270db51406c	Venmo		Pennies				c	232/100	232/100	2024-04-04 01:23:48
B	ade7d24c42a14a0dbe9033387756c873	6176a12f792b42ea839b3f2df35563da	2024-04-04 01:24:24	2024-04-04 01:23:48	2023-10-12 10:59:00	2c56b96f6cbe43a6a315b599e0dac3fa	Imbalance-USD		Pennies				n	-232/100	-232/100	1970-01-01 00:00:00
===== END
===== START
C	ade7d24c42a14a0dbe9033387756c873	ff3c2144bdc447d0a1c8b243dc02348f	2024-04-04 01:24:24	2024-04-04 01:23:48	2023-10-12 10:59:00	2ffc5948156142e484df9270db51406c	Venmo		Pennies				c	232/100	232/100	2024-04-04 01:23:48
C	ade7d24c42a14a0dbe9033387756c873	6176a12f792b42ea839b3f2df35563da	2024-04-04 01:24:24	2024-04-04 01:23:48	2023-10-12 10:59:00	66f7ea05ea0c42e8853cdcc72dc714f2	Penny Donations		Pennies				n	-232/100	-232/100	1970-01-01 00:00:00
===== END
===== START
B	bcd1e03f04f34d34ad681d5a8496f275	83482173498f45019fcaaf80d1c8ac8f	2024-04-04 01:24:27	2024-04-04 01:23:48	2023-10-12 10:59:00	2ffc5948156142e484df9270db51406c	Venmo		Pennies				c	434/100	434/100	2024-04-04 01:23:48
B	bcd1e03f04f34d34ad681d5a8496f275	8003caf2a1c3464fb166266e2f088929	2024-04-04 01:24:27	2024-04-04 01:23:48	2023-10-12 10:59:00	2c56b96f6cbe43a6a315b599e0dac3fa	Imbalance-USD		Pennies				n	-434/100	-434/100	1970-01-01 00:00:00
===== END
===== START
C	bcd1e03f04f34d34ad681d5a8496f275	83482173498f45019fcaaf80d1c8ac8f	2024-04-04 01:24:27	2024-04-04 01:23:48	2023-10-12 10:59:00	2ffc5948156142e484df9270db51406c	Venmo		Pennies				c	434/100	434/100	2024-04-04 01:23:48
C	bcd1e03f04f34d34ad681d5a8496f275	8003caf2a1c3464fb166266e2f088929	2024-04-04 01:24:27	2024-04-04 01:23:48	2023-10-12 10:59:00	66f7ea05ea0c42e8853cdcc72dc714f2	Penny Donations		Pennies				n	-434/100	-434/100	1970-01-01 00:00:00
===== END
===== START
B	4a0648d8dcae45a19d18db057cd8025c	f7d5fe0ea2da41da8241779fd14a6dd3	2024-04-04 01:24:34	2024-04-04 01:23:48	2023-10-12 10:59:00	2ffc5948156142e484df9270db51406c	Venmo		Q4 Dues				c	12500/100	12500/100	2024-04-04 01:23:48
B	4a0648d8dcae45a19d18db057cd8025c	939e356141014ef29005575d1b31bc4d	2024-04-04 01:24:34	2024-04-04 01:23:48	2023-10-12 10:59:00	2c56b96f6cbe43a6a315b599e0dac3fa	Imbalance-USD		Q4 Dues				n	-12500/100	-12500/100	1970-01-01 00:00:00
===== END
===== START
C	4a0648d8dcae45a19d18db057cd8025c	f7d5fe0ea2da41da8241779fd14a6dd3	2024-04-04 01:24:34	2024-04-04 01:23:48	2023-10-12 10:59:00	2ffc5948156142e484df9270db51406c	Venmo		Q4 Dues				c	12500/100	12500/100	2024-04-04 01:23:48
C	4a0648d8dcae45a19d18db057cd8025c	939e356141014ef29005575d1b31bc4d	2024-04-04 01:24:34	2024-04-04 01:23:48	2023-10-12 10:59:00	07ffb81834c54da7a8327a454665856c	National Dues		Q4 Dues				n	-12500/100	-12500/100	1970-01-01 00:00:00
===== END
===== START
B	c7da070d540843259d7e3a42d31a07e0	b4da07b6a8864bb3b0a924fadf8a4596	2024-04-04 01:24:37	2024-04-04 01:23:48	2023-10-12 10:59:00	2ffc5948156142e484df9270db51406c	Venmo		Q4 Dues				c	12500/100	12500/100	2024-04-04 01:23:48
B	c7da070d540843259d7e3a42d31a07e0	1b2dc0b9babe4ce4a6f11430c6b3aee4	2024-04-04 01:24:37	2024-04-04 01:23:48	2023-10-12 10:59:00	2c56b96f6cbe43a6a315b599e0dac3fa	Imbalance-USD		Q4 Dues				n	-12500/100	-12500/100	1970-01-01 00:00:00
===== END
===== START
C	c7da070d540843259d7e3a42d31a07e0	b4da07b6a8864bb3b0a924fadf8a4596	2024-04-04 01:24:37	2024-04-04 01:23:48	2023-10-12 10:59:00	2ffc5948156142e484df9270db51406c	Venmo		Q4 Dues				c	12500/100	12500/100	2024-04-04 01:23:48
C	c7da070d540843259d7e3a42d31a07e0	1b2dc0b9babe4ce4a6f11430c6b3aee4	2024-04-04 01:24:37	2024-04-04 01:23:48	2023-10-12 10:59:00	07ffb81834c54da7a8327a454665856c	National Dues		Q4 Dues				n	-12500/100	-12500/100	1970-01-01 00:00:00
===== END
===== START
B	cdc3ec0e47ab4c40b0eeac15d55a64b6	c0a7d5534a814d89803abadfe9858f5b	2024-04-04 01:24:43	2024-04-04 01:23:48	2023-10-12 10:59:00	2ffc5948156142e484df9270db51406c	Venmo		💀💰				c	666/100	666/100	2024-04-04 01:23:48
B	cdc3ec0e47ab4c40b0eeac15d55a64b6	344beb0e07374cdfbe78b06e2a0f4cac	2024-04-04 01:24:43	2024-04-04 01:23:48	2023-10-12 10:59:00	2c56b96f6cbe43a6a315b599e0dac3fa	Imbalance-USD		💀💰				n	-666/100	-666/100	1970-01-01 00:00:00
===== END
===== START
C	cdc3ec0e47ab4c40b0eeac15d55a64b6	c0a7d5534a814d89803abadfe9858f5b	2024-04-04 01:24:43	2024-04-04 01:23:48	2023-10-12 10:59:00	2ffc5948156142e484df9270db51406c	Venmo		💀💰				c	666/100	666/100	2024-04-04 01:23:48
C	cdc3ec0e47ab4c40b0eeac15d55a64b6	344beb0e07374cdfbe78b06e2a0f4cac	2024-04-04 01:24:43	2024-04-04 01:23:48	2023-10-12 10:59:00	66f7ea05ea0c42e8853cdcc72dc714f2	Penny Donations		💀💰				n	-666/100	-666/100	1970-01-01 00:00:00
===== END
===== START
B	0f64766f0c374d52b33e418dcfae0c83	58303808268748e79ec14191e71b03e7	2024-04-04 01:24:50	2024-04-04 01:23:48	2023-10-16 10:59:00	2ffc5948156142e484df9270db51406c	Venmo		Q4 Dues				c	12500/100	12500/100	2024-04-04 01:23:48
B	0f64766f0c374d52b33e418dcfae0c83	54c019eb792846759c2194c77de94d45	2024-04-04 01:24:50	2024-04-04 01:23:48	2023-10-16 10:59:00	2c56b96f6cbe43a6a315b599e0dac3fa	Imbalance-USD		Q4 Dues				n	-12500/100	-12500/100	1970-01-01 00:00:00
===== END
===== START
C	0f64766f0c374d52b33e418dcfae0c83	58303808268748e79ec14191e71b03e7	2024-04-04 01:24:50	2024-04-04 01:23:48	2023-10-16 10:59:00	2ffc5948156142e484df9270db51406c	Venmo		Q4 Dues				c	12500/100	12500/100	2024-04-04 01:23:48
C	0f64766f0c374d52b33e418dcfae0c83	54c019eb792846759c2194c77de94d45	2024-04-04 01:24:50	2024-04-04 01:23:48	2023-10-16 10:59:00	22d5e00f160f462ca2a0ba02b6c0aa3b	Club Member Dues		Q4 Dues				n	-12500/100	-12500/100	1970-01-01 00:00:00
===== END
===== START
B	6b4d5dac6cde4160b182810973d7d4a1	86196ae26deb4255874497f073c389f6	2024-04-04 01:24:54	2024-04-04 01:23:48	2023-10-17 10:59:00	2ffc5948156142e484df9270db51406c	Venmo		Q4 Dues				c	12500/100	12500/100	2024-04-04 01:23:48
B	6b4d5dac6cde4160b182810973d7d4a1	1b01826da4584ba588a854d4d427ff05	2024-04-04 01:24:54	2024-04-04 01:23:48	2023-10-17 10:59:00	2c56b96f6cbe43a6a315b599e0dac3fa	Imbalance-USD		Q4 Dues				n	-12500/100	-12500/100	1970-01-01 00:00:00
===== END
===== START
C	6b4d5dac6cde4160b182810973d7d4a1	86196ae26deb4255874497f073c389f6	2024-04-04 01:24:54	2024-04-04 01:23:48	2023-10-17 10:59:00	2ffc5948156142e484df9270db51406c	Venmo		Q4 Dues				c	12500/100	12500/100	2024-04-04 01:23:48
C	6b4d5dac6cde4160b182810973d7d4a1	1b01826da4584ba588a854d4d427ff05	2024-04-04 01:24:54	2024-04-04 01:23:48	2023-10-17 10:59:00	22d5e00f160f462ca2a0ba02b6c0aa3b	Club Member Dues		Q4 Dues				n	-12500/100	-12500/100	1970-01-01 00:00:00
===== END
===== START
B	d67af692cf1744f88722a2b2c14928f9	c95239d718a84577b8faa12b38e715a4	2024-04-04 01:24:59	2024-04-04 01:23:48	2023-10-18 10:59:00	2ffc5948156142e484df9270db51406c	Venmo		Q4 Dues				c	12500/100	12500/100	2024-04-04 01:23:48
B	d67af692cf1744f88722a2b2c14928f9	9ae37df0ee194594a673325e2f2337a6	2024-04-04 01:24:59	2024-04-04 01:23:48	2023-10-18 10:59:00	2c56b96f6cbe43a6a315b599e0dac3fa	Imbalance-USD		Q4 Dues				n	-12500/100	-12500/100	1970-01-01 00:00:00
===== END
===== START
C	d67af692cf1744f88722a2b2c14928f9	c95239d718a84577b8faa12b38e715a4	2024-04-04 01:24:59	2024-04-04 01:23:48	2023-10-18 10:59:00	2ffc5948156142e484df9270db51406c	Venmo		Q4 Dues				c	12500/100	12500/100	2024-04-04 01:23:48
C	d67af692cf1744f88722a2b2c14928f9	9ae37df0ee194594a673325e2f2337a6	2024-04-04 01:24:59	2024-04-04 01:23:48	2023-10-18 10:59:00	22d5e00f160f462ca2a0ba02b6c0aa3b	Club Member Dues		Q4 Dues				n	-12500/100	-12500/100	1970-01-01 00:00:00
===== END
===== START
B	364c002addc940d69bc2338bacbcd07a	8235962a33b841b58959d3b46829b5a2	2024-04-04 01:26:11	2024-04-04 01:23:48	2023-10-20 10:59:00	2ffc5948156142e484df9270db51406c	Venmo		Q4 Dues				c	12500/100	12500/100	2024-04-04 01:23:48
B	364c002addc940d69bc2338bacbcd07a	aa82d1f2bc1c434bb7548fe4b6010c45	2024-04-04 01:26:11	2024-04-04 01:23:48	2023-10-20 10:59:00	2c56b96f6cbe43a6a315b599e0dac3fa	Imbalance-USD		Q4 Dues				n	-12500/100	-12500/100	1970-01-01 00:00:00
===== END
===== START
C	364c002addc940d69bc2338bacbcd07a	8235962a33b841b58959d3b46829b5a2	2024-04-04 01:26:11	2024-04-04 01:23:48	2023-10-20 10:59:00	2ffc5948156142e484df9270db51406c	Venmo		Q4 Dues				c	12500/100	12500/100	2024-04-04 01:23:48
C	364c002addc940d69bc2338bacbcd07a	aa82d1f2bc1c434bb7548fe4b6010c45	2024-04-04 01:26:11	2024-04-04 01:23:48	2023-10-20 10:59:00	22d5e00f160f462ca2a0ba02b6c0aa3b	Club Member Dues		Q4 Dues				n	-12500/100	-12500/100	1970-01-01 00:00:00
===== END
===== START
C	0af9cae59197477db6e936ed92cb5a32	c9ec6ce0b5d448a6a8c2fc7baf117af1	2024-04-04 01:27:33	2024-04-04 01:27:33	2023-11-01 10:59:00	2ffc5948156142e484df9270db51406c	Venmo		Q4 Dues				n	12500/100	12500/100	1970-01-01 00:00:00
C	0af9cae59197477db6e936ed92cb5a32	c7a9dae84508407f9f6e81671c4f08bc	2024-04-04 01:27:33	2024-04-04 01:27:33	2023-11-01 10:59:00	22d5e00f160f462ca2a0ba02b6c0aa3b	Club Member Dues		Q4 Dues				n	-12500/100	-12500/100	1970-01-01 00:00:00
===== END
===== START
===== END
===== START
C	3b82600f637f496082ebf9a57ad5aa25	97b1d24f1dfa4120bed0d79b8131719b	2024-04-04 01:28:03	2024-04-04 01:28:03	2023-12-14 10:59:00	2ffc5948156142e484df9270db51406c	Venmo		Q4 Dues				n	12500/100	12500/100	1970-01-01 00:00:00
C	3b82600f637f496082ebf9a57ad5aa25	6d1be2575c984e75a493f749fd35ad4f	2024-04-04 01:28:03	2024-04-04 01:28:03	2023-12-14 10:59:00	22d5e00f160f462ca2a0ba02b6c0aa3b	Club Member Dues		Q4 Dues				n	-12500/100	-12500/100	1970-01-01 00:00:00
===== END
===== START
===== END
