mod	trans_guid	split_guid	time_now	date_entered	date_posted	acc_guid	acc_name	num	description	notes	memo	action	reconciled	amount	value	date_reconciled
-----------------
===== START
C	ab3c09a7703c47759473334bc21b88ac	92ebf8c402864035b5fad896f91df88d	2024-04-04 03:53:30	2024-04-04 03:53:30	2024-03-31 10:59:00	b8d3ef1af43843f1a91aa5e98a860db2	Zeffy		Q1 2024 Dues				n	12500/100	12500/100	1970-01-01 00:00:00
C	ab3c09a7703c47759473334bc21b88ac	9fc3a80a83b64cf0b20c3b8a0e23a9df	2024-04-04 03:53:30	2024-04-04 03:53:30	2024-03-31 10:59:00	22d5e00f160f462ca2a0ba02b6c0aa3b	Club Member Dues		Q1 2024 Dues				n	-12500/100	-12500/100	1970-01-01 00:00:00
===== END
===== START
===== END
===== START
C	1d418024720047c1895b4ec039bc7bdf	9bc1e37943af4c3997840df1ce881f13	2024-04-04 03:53:54	2024-04-04 03:53:54	2024-03-31 10:59:00	b8d3ef1af43843f1a91aa5e98a860db2	Zeffy		Q2 2024 Dues				n	12500/100	12500/100	1970-01-01 00:00:00
C	1d418024720047c1895b4ec039bc7bdf	dc6e989d28ad43bda1f976f286492cf7	2024-04-04 03:53:54	2024-04-04 03:53:54	2024-03-31 10:59:00	22d5e00f160f462ca2a0ba02b6c0aa3b	Club Member Dues		Q2 2024 Dues				n	-12500/100	-12500/100	1970-01-01 00:00:00
===== END
===== START
===== END
===== START
===== END
===== START
D	5a51b59081f64594bb4e922ddcd9be7c	2d47785405dc41c7ac971db55719399b	2024-04-04 03:55:22	2024-04-04 03:55:22	2024-04-03 10:59:00								n	0/1	0/100	1970-01-01 00:00:00
===== END
===== START
D	56302848d12f4fffafe42bc6a17a48a8	036b202a9299440e8949dc48e5403596	2024-04-04 03:55:52	2024-04-04 03:55:52	2024-04-03 10:59:00								n	0/1	0/100	1970-01-01 00:00:00
===== END
===== START
C	f875812411164348bebbc66657264c5d	79feec7f3456493193f105e056634494	2024-04-04 03:58:14	2024-04-04 03:58:14	2024-03-30 10:59:00	b8d3ef1af43843f1a91aa5e98a860db2	Zeffy		Tin Cup Donation - Ted Schlamb				n	50000/100	50000/100	1970-01-01 00:00:00
C	f875812411164348bebbc66657264c5d	f1c1bd09bcbd451a8525e83559ba5643	2024-04-04 03:58:14	2024-04-04 03:58:14	2024-03-30 10:59:00	2d544ce50509418ca816aa8294508a40	Donations		Tin Cup Donation - Ted Schlamb				n	-50000/100	-50000/100	1970-01-01 00:00:00
===== END
===== START
===== END
