mod	trans_guid	split_guid	time_now	date_entered	date_posted	acc_guid	acc_name	num	description	notes	memo	action	reconciled	amount	value	date_reconciled
-----------------
===== START
C	f528f8d085014f9c80522813f1c3c897	965c0c3d15984697b3ce812e79049e5d	2024-04-04 03:58:37	2024-04-04 03:58:37	2024-04-01 10:59:00	b8d3ef1af43843f1a91aa5e98a860db2	Zeffy		Q2 2024 Dues				n	12500/100	12500/100	1970-01-01 00:00:00
C	f528f8d085014f9c80522813f1c3c897	3287699ac5a845f7a447f74c4ffcdf55	2024-04-04 03:58:37	2024-04-04 03:58:37	2024-04-01 10:59:00	22d5e00f160f462ca2a0ba02b6c0aa3b	Club Member Dues		Q2 2024 Dues				n	-12500/100	-12500/100	1970-01-01 00:00:00
===== END
===== START
===== END
===== START
C	735ff200213a40c1a494b1ae7e0c2156	b337d8b236ca438c9e07f3c069278f23	2024-04-04 03:58:58	2024-04-04 03:58:58	2024-04-02 10:59:00	b8d3ef1af43843f1a91aa5e98a860db2	Zeffy		Q2 2024 Dues				n	12500/100	12500/100	1970-01-01 00:00:00
C	735ff200213a40c1a494b1ae7e0c2156	35baca6c97e741e4b83e929484062102	2024-04-04 03:58:58	2024-04-04 03:58:58	2024-04-02 10:59:00	22d5e00f160f462ca2a0ba02b6c0aa3b	Club Member Dues		Q2 2024 Dues				n	-12500/100	-12500/100	1970-01-01 00:00:00
===== END
===== START
===== END
===== START
C	599b86021fb1466e94a434b8c0afa206	a84fa85aaaa643b699b02cbe2a34b6f4	2024-04-04 03:59:41	2024-04-04 03:59:41	2024-04-03 10:59:00	b8d3ef1af43843f1a91aa5e98a860db2	Zeffy		Arizona Materials Donation				n	30000/100	30000/100	1970-01-01 00:00:00
C	599b86021fb1466e94a434b8c0afa206	8263010c41f44896bc27341ae9e4452f	2024-04-04 03:59:41	2024-04-04 03:59:41	2024-04-03 10:59:00	2d544ce50509418ca816aa8294508a40	Donations		Arizona Materials Donation				n	-30000/100	-30000/100	1970-01-01 00:00:00
===== END
===== START
===== END
===== START
B	c8fb727cec3b4d27b5b88888531ed797	7c49ca42b3e149e29fedd96c8bd06206	2024-04-04 04:00:03	2024-04-02 04:12:01	2024-02-05 10:59:00	707544b2a85c4a6381bf9ac6080db77f	Operations Account		Zeffy US Zeffy US ST-Y4U2N6J6R5O3 ACTIVE 20 30 OF TUCSON				c	87500/100	87500/100	2024-04-02 04:12:01
B	c8fb727cec3b4d27b5b88888531ed797	e4eea7b4144a48f38f2e86ddc80aef62	2024-04-04 04:00:03	2024-04-02 04:12:01	2024-02-05 10:59:00	b8d3ef1af43843f1a91aa5e98a860db2	Zeffy		Zeffy US Zeffy US ST-Y4U2N6J6R5O3 ACTIVE 20 30 OF TUCSON				n	-87500/100	-87500/100	1970-01-01 00:00:00
===== END
===== START
C	c8fb727cec3b4d27b5b88888531ed797	7c49ca42b3e149e29fedd96c8bd06206	2024-04-04 04:00:04	2024-04-02 04:12:01	2024-02-05 10:59:00	707544b2a85c4a6381bf9ac6080db77f	Operations Account		Zeffy US Zeffy US ST-Y4U2N6J6R5O3 ACTIVE 20 30 OF TUCSON				c	87500/100	87500/100	2024-04-02 04:12:01
C	c8fb727cec3b4d27b5b88888531ed797	e4eea7b4144a48f38f2e86ddc80aef62	2024-04-04 04:00:04	2024-04-02 04:12:01	2024-02-05 10:59:00	22d5e00f160f462ca2a0ba02b6c0aa3b	Club Member Dues		Zeffy US Zeffy US ST-Y4U2N6J6R5O3 ACTIVE 20 30 OF TUCSON				n	-87500/100	-87500/100	1970-01-01 00:00:00
===== END
===== START
B	146f46313fd14a898026f262ec866f15	b3d34ca3add54d23a744e0b8bf482e5b	2024-04-04 04:00:31	2024-04-04 01:40:15	2024-04-03 10:59:00	707544b2a85c4a6381bf9ac6080db77f	Operations Account		Dues that got put into the charity account from venmo, transfered to right place				n	125000/100	125000/100	1970-01-01 00:00:00
B	146f46313fd14a898026f262ec866f15	c6166972e1074c278f384e0c445739dc	2024-04-04 04:00:31	2024-04-04 01:40:15	2024-04-03 10:59:00	4f438bacbf1c4b56b6cf261f88473b61	Charity Account		Dues that got put into the charity account from venmo, transfered to right place				n	-125000/100	-125000/100	1970-01-01 00:00:00
===== END
===== START
C	146f46313fd14a898026f262ec866f15	b3d34ca3add54d23a744e0b8bf482e5b	2024-04-04 04:00:31	2024-04-04 01:40:15	2024-04-03 10:59:00	707544b2a85c4a6381bf9ac6080db77f	Operations Account		Dues that got put into the charity account from venmo, transfered to Operations Account				n	125000/100	125000/100	1970-01-01 00:00:00
C	146f46313fd14a898026f262ec866f15	c6166972e1074c278f384e0c445739dc	2024-04-04 04:00:31	2024-04-04 01:40:15	2024-04-03 10:59:00	4f438bacbf1c4b56b6cf261f88473b61	Charity Account		Dues that got put into the charity account from venmo, transfered to Operations Account				n	-125000/100	-125000/100	1970-01-01 00:00:00
===== END
===== START
C	530579eaa92a4b6e8f110b9ce2d298c7	86f2eb8773f347cea66156f5798689ee	2024-04-04 04:01:54	2024-04-04 04:01:04	2024-04-02 10:59:00	a18087350a4f45ea91ee4a740cc19934	Gmail Subscription		RECURRING PAYMENT AUTHORIZED ON 04/01 GOOGLE GSUITE_act 650-2530000 CA S384092417173703 CARD 4511				n	782/100	782/100	1970-01-01 00:00:00
C	530579eaa92a4b6e8f110b9ce2d298c7	9d674c88c97c4012a1847a90fd881696	2024-04-04 04:01:54	2024-04-04 04:01:04	2024-04-02 10:59:00	707544b2a85c4a6381bf9ac6080db77f	Operations Account		RECURRING PAYMENT AUTHORIZED ON 04/01 GOOGLE GSUITE_act 650-2530000 CA S384092417173703 CARD 4511				n	-782/100	-782/100	1970-01-01 00:00:00
===== END
===== START
===== END
===== START
C	76c2c51a65a7439d997c3b04d2b997e9	3bd537c12266432cade68636a9c08da7	2024-04-04 04:02:47	2024-04-04 04:02:27	2024-04-02 10:59:00	5621814c4d744402a8c3332a50d588db	Electric		TEP Corporate De SNAP PMT 240329 7676019019 Active 20-30 Club of T				n	4788/100	4788/100	1970-01-01 00:00:00
C	76c2c51a65a7439d997c3b04d2b997e9	c2978a3355c24cff80c8010d59443721	2024-04-04 04:02:47	2024-04-04 04:02:27	2024-04-02 10:59:00	707544b2a85c4a6381bf9ac6080db77f	Operations Account		TEP Corporate De SNAP PMT 240329 7676019019 Active 20-30 Club of T				n	-4788/100	-4788/100	1970-01-01 00:00:00
===== END
===== START
===== END
===== START
C	b3b84ee430cc48388fda73125a2b25c1	4b222db3a6ad4eaab460697aae136329	2024-04-04 04:03:30	2024-04-04 04:03:30	2024-04-03 10:59:00	707544b2a85c4a6381bf9ac6080db77f	Operations Account		Zeffy US Zeffy US ST-U4S8L2C1R				n	87500/100	87500/100	1970-01-01 00:00:00
C	b3b84ee430cc48388fda73125a2b25c1	b4cfa5e1b6b449689591bca61fc910e4	2024-04-04 04:03:30	2024-04-04 04:03:30	2024-04-03 10:59:00	b8d3ef1af43843f1a91aa5e98a860db2	Zeffy		Zeffy US Zeffy US ST-U4S8L2C1R				n	-87500/100	-87500/100	1970-01-01 00:00:00
===== END
===== START
===== END
