mod	trans_guid	split_guid	time_now	date_entered	date_posted	acc_guid	acc_name	num	description	notes	memo	action	reconciled	amount	value	date_reconciled
-----------------
===== START
B	6024f161e14b48d291616388b0e65e63	b8f6b8d9e37f4ad8a0c1628ce6af28a7	2024-04-02 04:17:10	2024-04-02 04:12:01	2024-01-17 10:59:00	2c56b96f6cbe43a6a315b599e0dac3fa	Imbalance-USD		PURCHASE AUTHORIZED ON 01/13 TECHSOUP 4156339300 CA S304013570010847 CARD 4511				n	7500/100	7500/100	1970-01-01 00:00:00
B	6024f161e14b48d291616388b0e65e63	e09d88de8ee24f229dec2ffcc8c29ef4	2024-04-02 04:17:10	2024-04-02 04:12:01	2024-01-17 10:59:00	707544b2a85c4a6381bf9ac6080db77f	Operations Account		PURCHASE AUTHORIZED ON 01/13 TECHSOUP 4156339300 CA S304013570010847 CARD 4511				c	-7500/100	-7500/100	2024-04-02 04:12:01
===== END
===== START
C	6024f161e14b48d291616388b0e65e63	b8f6b8d9e37f4ad8a0c1628ce6af28a7	2024-04-02 04:17:10	2024-04-02 04:12:01	2024-01-17 10:59:00	ff65f4c68b204721bbae86e7cc1e6f40	Miscellaneous		PURCHASE AUTHORIZED ON 01/13 TECHSOUP 4156339300 CA S304013570010847 CARD 4511				n	7500/100	7500/100	1970-01-01 00:00:00
C	6024f161e14b48d291616388b0e65e63	e09d88de8ee24f229dec2ffcc8c29ef4	2024-04-02 04:17:10	2024-04-02 04:12:01	2024-01-17 10:59:00	707544b2a85c4a6381bf9ac6080db77f	Operations Account		PURCHASE AUTHORIZED ON 01/13 TECHSOUP 4156339300 CA S304013570010847 CARD 4511				c	-7500/100	-7500/100	2024-04-02 04:12:01
===== END
===== START
B	4020b087516f475a8e47682c77714e76	5708f1fe898c4ad4b7f22e8c6ca94563	2024-04-02 04:17:16	2024-04-02 04:12:01	2024-01-22 10:59:00	2c56b96f6cbe43a6a315b599e0dac3fa	Imbalance-USD		COX COMM PHX BANK DRAFT 012224 iRaoBZrUf31uxpY Men''s Active 20-30 Cl				n	9765/100	9765/100	1970-01-01 00:00:00
B	4020b087516f475a8e47682c77714e76	03e670d65d1541abae2fb26d0cce79ff	2024-04-02 04:17:16	2024-04-02 04:12:01	2024-01-22 10:59:00	707544b2a85c4a6381bf9ac6080db77f	Operations Account		COX COMM PHX BANK DRAFT 012224 iRaoBZrUf31uxpY Men''s Active 20-30 Cl				c	-9765/100	-9765/100	2024-04-02 04:12:01
===== END
===== START
C	4020b087516f475a8e47682c77714e76	5708f1fe898c4ad4b7f22e8c6ca94563	2024-04-02 04:17:16	2024-04-02 04:12:01	2024-01-22 10:59:00	ae760b15331d4e23895839a2dc76f047	Internet		COX COMM PHX BANK DRAFT 012224 iRaoBZrUf31uxpY Men''s Active 20-30 Cl				n	9765/100	9765/100	1970-01-01 00:00:00
C	4020b087516f475a8e47682c77714e76	03e670d65d1541abae2fb26d0cce79ff	2024-04-02 04:17:16	2024-04-02 04:12:01	2024-01-22 10:59:00	707544b2a85c4a6381bf9ac6080db77f	Operations Account		COX COMM PHX BANK DRAFT 012224 iRaoBZrUf31uxpY Men''s Active 20-30 Cl				c	-9765/100	-9765/100	2024-04-02 04:12:01
===== END
===== START
B	3866f8dfa369485c8774242ad20f30bf	c33eaf19e9fa4e19ba1c4ecc76362231	2024-04-02 04:17:21	2024-04-02 04:12:01	2024-01-23 10:59:00	2c56b96f6cbe43a6a315b599e0dac3fa	Imbalance-USD		CITY OF TUCSON BILLPAY 240123 TUCSON WATER MEN S ACTIVE 20-30 CLU				n	3318/100	3318/100	1970-01-01 00:00:00
B	3866f8dfa369485c8774242ad20f30bf	0ad140178c5c4e019431d7e6bdcf296a	2024-04-02 04:17:21	2024-04-02 04:12:01	2024-01-23 10:59:00	707544b2a85c4a6381bf9ac6080db77f	Operations Account		CITY OF TUCSON BILLPAY 240123 TUCSON WATER MEN S ACTIVE 20-30 CLU				c	-3318/100	-3318/100	2024-04-02 04:12:01
===== END
===== START
C	3866f8dfa369485c8774242ad20f30bf	c33eaf19e9fa4e19ba1c4ecc76362231	2024-04-02 04:17:21	2024-04-02 04:12:01	2024-01-23 10:59:00	f7d41df9ed304b5b8006b284a9f84851	Water		CITY OF TUCSON BILLPAY 240123 TUCSON WATER MEN S ACTIVE 20-30 CLU				n	3318/100	3318/100	1970-01-01 00:00:00
C	3866f8dfa369485c8774242ad20f30bf	0ad140178c5c4e019431d7e6bdcf296a	2024-04-02 04:17:21	2024-04-02 04:12:01	2024-01-23 10:59:00	707544b2a85c4a6381bf9ac6080db77f	Operations Account		CITY OF TUCSON BILLPAY 240123 TUCSON WATER MEN S ACTIVE 20-30 CLU				c	-3318/100	-3318/100	2024-04-02 04:12:01
===== END
===== START
B	cfddafbd04b34baa878bde266b283621	6bfdb3be09ae4aba9a0cefd7b72b8e7f	2024-04-02 04:17:26	2024-04-02 04:12:01	2024-02-02 10:59:00	2c56b96f6cbe43a6a315b599e0dac3fa	Imbalance-USD		RECURRING PAYMENT AUTHORIZED ON 02/01 GOOGLE*GSUITE ACTI CC GOOGLE.COM CA S464032491550303 CARD 4511				n	782/100	782/100	1970-01-01 00:00:00
B	cfddafbd04b34baa878bde266b283621	d0459a924b0b44c4aa0d3999af3d407d	2024-04-02 04:17:26	2024-04-02 04:12:01	2024-02-02 10:59:00	707544b2a85c4a6381bf9ac6080db77f	Operations Account		RECURRING PAYMENT AUTHORIZED ON 02/01 GOOGLE*GSUITE ACTI CC GOOGLE.COM CA S464032491550303 CARD 4511				c	-782/100	-782/100	2024-04-02 04:12:01
===== END
===== START
C	cfddafbd04b34baa878bde266b283621	6bfdb3be09ae4aba9a0cefd7b72b8e7f	2024-04-02 04:17:26	2024-04-02 04:12:01	2024-02-02 10:59:00	a18087350a4f45ea91ee4a740cc19934	Gmail Subscription		RECURRING PAYMENT AUTHORIZED ON 02/01 GOOGLE*GSUITE ACTI CC GOOGLE.COM CA S464032491550303 CARD 4511				n	782/100	782/100	1970-01-01 00:00:00
C	cfddafbd04b34baa878bde266b283621	d0459a924b0b44c4aa0d3999af3d407d	2024-04-02 04:17:26	2024-04-02 04:12:01	2024-02-02 10:59:00	707544b2a85c4a6381bf9ac6080db77f	Operations Account		RECURRING PAYMENT AUTHORIZED ON 02/01 GOOGLE*GSUITE ACTI CC GOOGLE.COM CA S464032491550303 CARD 4511				c	-782/100	-782/100	2024-04-02 04:12:01
===== END
===== START
B	e900571188574a99a6dfa59a9c7ff0c9	d9968bd970d448198a679422490d6c9d	2024-04-02 04:17:30	2024-04-02 04:12:01	2024-02-05 10:59:00	2c56b96f6cbe43a6a315b599e0dac3fa	Imbalance-USD		TEP Corporate De SNAP PMT 240201 7676019019 Active 20-30 Club of T				n	4359/100	4359/100	1970-01-01 00:00:00
B	e900571188574a99a6dfa59a9c7ff0c9	9edc1292135344d2a600f177a36ea749	2024-04-02 04:17:30	2024-04-02 04:12:01	2024-02-05 10:59:00	707544b2a85c4a6381bf9ac6080db77f	Operations Account		TEP Corporate De SNAP PMT 240201 7676019019 Active 20-30 Club of T				c	-4359/100	-4359/100	2024-04-02 04:12:01
===== END
===== START
C	e900571188574a99a6dfa59a9c7ff0c9	d9968bd970d448198a679422490d6c9d	2024-04-02 04:17:30	2024-04-02 04:12:01	2024-02-05 10:59:00	5621814c4d744402a8c3332a50d588db	Electric		TEP Corporate De SNAP PMT 240201 7676019019 Active 20-30 Club of T				n	4359/100	4359/100	1970-01-01 00:00:00
C	e900571188574a99a6dfa59a9c7ff0c9	9edc1292135344d2a600f177a36ea749	2024-04-02 04:17:30	2024-04-02 04:12:01	2024-02-05 10:59:00	707544b2a85c4a6381bf9ac6080db77f	Operations Account		TEP Corporate De SNAP PMT 240201 7676019019 Active 20-30 Club of T				c	-4359/100	-4359/100	2024-04-02 04:12:01
===== END
===== START
B	2056c9d3cd3540b994f26394761db5e2	fc72a05af6a741b481f42f9a24054e4f	2024-04-02 04:17:43	2024-04-02 04:12:01	2024-02-14 10:59:00	2c56b96f6cbe43a6a315b599e0dac3fa	Imbalance-USD		BUSINESS TO BUSINESS ACH THE HARTFORD INS PMT CL 14374070 MENS ACTIVE 20-30 CLUB				n	11646/100	11646/100	1970-01-01 00:00:00
B	2056c9d3cd3540b994f26394761db5e2	1a4ca70224d0404ba6ac472cdadcbcc6	2024-04-02 04:17:43	2024-04-02 04:12:01	2024-02-14 10:59:00	707544b2a85c4a6381bf9ac6080db77f	Operations Account		BUSINESS TO BUSINESS ACH THE HARTFORD INS PMT CL 14374070 MENS ACTIVE 20-30 CLUB				c	-11646/100	-11646/100	2024-04-02 04:12:01
===== END
===== START
C	2056c9d3cd3540b994f26394761db5e2	fc72a05af6a741b481f42f9a24054e4f	2024-04-02 04:17:43	2024-04-02 04:12:01	2024-02-14 10:59:00	00514e5ee86c4b71a4f65efedea6c856	Liability Insurance		BUSINESS TO BUSINESS ACH THE HARTFORD INS PMT CL 14374070 MENS ACTIVE 20-30 CLUB				n	11646/100	11646/100	1970-01-01 00:00:00
C	2056c9d3cd3540b994f26394761db5e2	1a4ca70224d0404ba6ac472cdadcbcc6	2024-04-02 04:17:43	2024-04-02 04:12:01	2024-02-14 10:59:00	707544b2a85c4a6381bf9ac6080db77f	Operations Account		BUSINESS TO BUSINESS ACH THE HARTFORD INS PMT CL 14374070 MENS ACTIVE 20-30 CLUB				c	-11646/100	-11646/100	2024-04-02 04:12:01
===== END
===== START
B	2566e256f9b24e4380aa4816ec0a62a9	c62ebd27184d42d4b8d1ed2f55104de2	2024-04-02 04:17:47	2024-04-02 04:12:01	2024-02-16 10:59:00	2c56b96f6cbe43a6a315b599e0dac3fa	Imbalance-USD		RECURRING PAYMENT AUTHORIZED ON 02/15 USPS PO BOXES ONLI 800-344-7779 DC S464046500139846 CARD 4511				n	5300/100	5300/100	1970-01-01 00:00:00
B	2566e256f9b24e4380aa4816ec0a62a9	c30a523c48384cbba1f62aa5b77059ff	2024-04-02 04:17:47	2024-04-02 04:12:01	2024-02-16 10:59:00	707544b2a85c4a6381bf9ac6080db77f	Operations Account		RECURRING PAYMENT AUTHORIZED ON 02/15 USPS PO BOXES ONLI 800-344-7779 DC S464046500139846 CARD 4511				c	-5300/100	-5300/100	2024-04-02 04:12:01
===== END
===== START
C	2566e256f9b24e4380aa4816ec0a62a9	c62ebd27184d42d4b8d1ed2f55104de2	2024-04-02 04:17:47	2024-04-02 04:12:01	2024-02-16 10:59:00	256b6fe7df994c049549166136a1efa1	P.O. Box		RECURRING PAYMENT AUTHORIZED ON 02/15 USPS PO BOXES ONLI 800-344-7779 DC S464046500139846 CARD 4511				n	5300/100	5300/100	1970-01-01 00:00:00
C	2566e256f9b24e4380aa4816ec0a62a9	c30a523c48384cbba1f62aa5b77059ff	2024-04-02 04:17:47	2024-04-02 04:12:01	2024-02-16 10:59:00	707544b2a85c4a6381bf9ac6080db77f	Operations Account		RECURRING PAYMENT AUTHORIZED ON 02/15 USPS PO BOXES ONLI 800-344-7779 DC S464046500139846 CARD 4511				c	-5300/100	-5300/100	2024-04-02 04:12:01
===== END
===== START
B	2beb19b468a04ba9b6944a919b374804	8cf7f86f7ec44ee39b12eb9636066f60	2024-04-02 04:17:51	2024-04-02 04:12:01	2024-02-22 10:59:00	2c56b96f6cbe43a6a315b599e0dac3fa	Imbalance-USD		CITY OF TUCSON BILLPAY 240222 TUCSON WATER MEN S ACTIVE 20-30 CLU				n	3318/100	3318/100	1970-01-01 00:00:00
B	2beb19b468a04ba9b6944a919b374804	7775279c85f04791af5aa439db6555dc	2024-04-02 04:17:51	2024-04-02 04:12:01	2024-02-22 10:59:00	707544b2a85c4a6381bf9ac6080db77f	Operations Account		CITY OF TUCSON BILLPAY 240222 TUCSON WATER MEN S ACTIVE 20-30 CLU				c	-3318/100	-3318/100	2024-04-02 04:12:01
===== END
===== START
C	2beb19b468a04ba9b6944a919b374804	8cf7f86f7ec44ee39b12eb9636066f60	2024-04-02 04:17:51	2024-04-02 04:12:01	2024-02-22 10:59:00	f7d41df9ed304b5b8006b284a9f84851	Water		CITY OF TUCSON BILLPAY 240222 TUCSON WATER MEN S ACTIVE 20-30 CLU				n	3318/100	3318/100	1970-01-01 00:00:00
C	2beb19b468a04ba9b6944a919b374804	7775279c85f04791af5aa439db6555dc	2024-04-02 04:17:51	2024-04-02 04:12:01	2024-02-22 10:59:00	707544b2a85c4a6381bf9ac6080db77f	Operations Account		CITY OF TUCSON BILLPAY 240222 TUCSON WATER MEN S ACTIVE 20-30 CLU				c	-3318/100	-3318/100	2024-04-02 04:12:01
===== END
===== START
B	67a4230c349e47ecab1de5ef55182add	6110c74c5c2d4ed6b315e4d981a86e43	2024-04-02 04:17:56	2024-04-02 04:12:01	2024-02-22 10:59:00	2c56b96f6cbe43a6a315b599e0dac3fa	Imbalance-USD		COX COMM PHX BANK DRAFT 022224 ZDmj3t5hhhvnFH3 Men''s Active 20-30 Cl				n	9765/100	9765/100	1970-01-01 00:00:00
B	67a4230c349e47ecab1de5ef55182add	ec15dcd5636d4a5ba974becc39e7fd1f	2024-04-02 04:17:56	2024-04-02 04:12:01	2024-02-22 10:59:00	707544b2a85c4a6381bf9ac6080db77f	Operations Account		COX COMM PHX BANK DRAFT 022224 ZDmj3t5hhhvnFH3 Men''s Active 20-30 Cl				c	-9765/100	-9765/100	2024-04-02 04:12:01
===== END
===== START
C	67a4230c349e47ecab1de5ef55182add	6110c74c5c2d4ed6b315e4d981a86e43	2024-04-02 04:17:56	2024-04-02 04:12:01	2024-02-22 10:59:00	ae760b15331d4e23895839a2dc76f047	Internet		COX COMM PHX BANK DRAFT 022224 ZDmj3t5hhhvnFH3 Men''s Active 20-30 Cl				n	9765/100	9765/100	1970-01-01 00:00:00
C	67a4230c349e47ecab1de5ef55182add	ec15dcd5636d4a5ba974becc39e7fd1f	2024-04-02 04:17:56	2024-04-02 04:12:01	2024-02-22 10:59:00	707544b2a85c4a6381bf9ac6080db77f	Operations Account		COX COMM PHX BANK DRAFT 022224 ZDmj3t5hhhvnFH3 Men''s Active 20-30 Cl				c	-9765/100	-9765/100	2024-04-02 04:12:01
===== END
===== START
B	d77fbb4dbfa44c3b9a8292b4ef4ee8c6	17c0af43aa934776be288c731eab5436	2024-04-02 04:17:59	2024-04-02 04:12:01	2024-03-04 10:59:00	2c56b96f6cbe43a6a315b599e0dac3fa	Imbalance-USD		RECURRING PAYMENT AUTHORIZED ON 03/01 GOOGLE GSUITE_act 650-2530000 CA S464061435725930 CARD 4511				n	782/100	782/100	1970-01-01 00:00:00
B	d77fbb4dbfa44c3b9a8292b4ef4ee8c6	6027a3058606477b95036e570d0cba92	2024-04-02 04:17:59	2024-04-02 04:12:01	2024-03-04 10:59:00	707544b2a85c4a6381bf9ac6080db77f	Operations Account		RECURRING PAYMENT AUTHORIZED ON 03/01 GOOGLE GSUITE_act 650-2530000 CA S464061435725930 CARD 4511				c	-782/100	-782/100	2024-04-02 04:12:01
===== END
===== START
C	d77fbb4dbfa44c3b9a8292b4ef4ee8c6	17c0af43aa934776be288c731eab5436	2024-04-02 04:17:59	2024-04-02 04:12:01	2024-03-04 10:59:00	a18087350a4f45ea91ee4a740cc19934	Gmail Subscription		RECURRING PAYMENT AUTHORIZED ON 03/01 GOOGLE GSUITE_act 650-2530000 CA S464061435725930 CARD 4511				n	782/100	782/100	1970-01-01 00:00:00
C	d77fbb4dbfa44c3b9a8292b4ef4ee8c6	6027a3058606477b95036e570d0cba92	2024-04-02 04:17:59	2024-04-02 04:12:01	2024-03-04 10:59:00	707544b2a85c4a6381bf9ac6080db77f	Operations Account		RECURRING PAYMENT AUTHORIZED ON 03/01 GOOGLE GSUITE_act 650-2530000 CA S464061435725930 CARD 4511				c	-782/100	-782/100	2024-04-02 04:12:01
===== END
===== START
B	c07e722c449f48e4afff4fb523134905	f0e06a4a369c4bcda127c8c21abb8f35	2024-04-02 04:18:02	2024-04-02 04:12:01	2024-03-04 10:59:00	2c56b96f6cbe43a6a315b599e0dac3fa	Imbalance-USD		TEP Corporate De SNAP PMT 240229 7676019019 Active 20-30 Club of T				n	4140/100	4140/100	1970-01-01 00:00:00
B	c07e722c449f48e4afff4fb523134905	625bce8bccae4702b1ec24e87e0f8a85	2024-04-02 04:18:02	2024-04-02 04:12:01	2024-03-04 10:59:00	707544b2a85c4a6381bf9ac6080db77f	Operations Account		TEP Corporate De SNAP PMT 240229 7676019019 Active 20-30 Club of T				c	-4140/100	-4140/100	2024-04-02 04:12:01
===== END
===== START
C	c07e722c449f48e4afff4fb523134905	f0e06a4a369c4bcda127c8c21abb8f35	2024-04-02 04:18:02	2024-04-02 04:12:01	2024-03-04 10:59:00	5621814c4d744402a8c3332a50d588db	Electric		TEP Corporate De SNAP PMT 240229 7676019019 Active 20-30 Club of T				n	4140/100	4140/100	1970-01-01 00:00:00
C	c07e722c449f48e4afff4fb523134905	625bce8bccae4702b1ec24e87e0f8a85	2024-04-02 04:18:02	2024-04-02 04:12:01	2024-03-04 10:59:00	707544b2a85c4a6381bf9ac6080db77f	Operations Account		TEP Corporate De SNAP PMT 240229 7676019019 Active 20-30 Club of T				c	-4140/100	-4140/100	2024-04-02 04:12:01
===== END
===== START
B	7b55869dbf5645f4a464ff260804dbe4	d650fe709b3046f5914833ecf2c17e34	2024-04-02 04:18:09	2024-04-02 04:12:01	2024-03-14 10:59:00	2c56b96f6cbe43a6a315b599e0dac3fa	Imbalance-USD		BUSINESS TO BUSINESS ACH THE HARTFORD INS PMT CL 14374070 MENS ACTIVE 20-30 CLUB				n	11646/100	11646/100	1970-01-01 00:00:00
B	7b55869dbf5645f4a464ff260804dbe4	8755f6684d014f908733c64e8dfcf371	2024-04-02 04:18:09	2024-04-02 04:12:01	2024-03-14 10:59:00	707544b2a85c4a6381bf9ac6080db77f	Operations Account		BUSINESS TO BUSINESS ACH THE HARTFORD INS PMT CL 14374070 MENS ACTIVE 20-30 CLUB				c	-11646/100	-11646/100	2024-04-02 04:12:01
===== END
===== START
C	7b55869dbf5645f4a464ff260804dbe4	d650fe709b3046f5914833ecf2c17e34	2024-04-02 04:18:09	2024-04-02 04:12:01	2024-03-14 10:59:00	00514e5ee86c4b71a4f65efedea6c856	Liability Insurance		BUSINESS TO BUSINESS ACH THE HARTFORD INS PMT CL 14374070 MENS ACTIVE 20-30 CLUB				n	11646/100	11646/100	1970-01-01 00:00:00
C	7b55869dbf5645f4a464ff260804dbe4	8755f6684d014f908733c64e8dfcf371	2024-04-02 04:18:09	2024-04-02 04:12:01	2024-03-14 10:59:00	707544b2a85c4a6381bf9ac6080db77f	Operations Account		BUSINESS TO BUSINESS ACH THE HARTFORD INS PMT CL 14374070 MENS ACTIVE 20-30 CLUB				c	-11646/100	-11646/100	2024-04-02 04:12:01
===== END
===== START
B	7d323a9bcb6049898a7cb0952cdd65e2	210f59b9260d47489296eedba60e5489	2024-04-02 04:18:15	2024-04-02 04:12:01	2024-03-25 10:59:00	2c56b96f6cbe43a6a315b599e0dac3fa	Imbalance-USD		CITY OF TUCSON BILLPAY 240325 TUCSON WATER MEN S ACTIVE 20-30 CLU				n	3318/100	3318/100	1970-01-01 00:00:00
B	7d323a9bcb6049898a7cb0952cdd65e2	caf3b2a639424e8a95e4a11684651ff6	2024-04-02 04:18:15	2024-04-02 04:12:01	2024-03-25 10:59:00	707544b2a85c4a6381bf9ac6080db77f	Operations Account		CITY OF TUCSON BILLPAY 240325 TUCSON WATER MEN S ACTIVE 20-30 CLU				c	-3318/100	-3318/100	2024-04-02 04:12:01
===== END
===== START
C	7d323a9bcb6049898a7cb0952cdd65e2	210f59b9260d47489296eedba60e5489	2024-04-02 04:18:15	2024-04-02 04:12:01	2024-03-25 10:59:00	f7d41df9ed304b5b8006b284a9f84851	Water		CITY OF TUCSON BILLPAY 240325 TUCSON WATER MEN S ACTIVE 20-30 CLU				n	3318/100	3318/100	1970-01-01 00:00:00
C	7d323a9bcb6049898a7cb0952cdd65e2	caf3b2a639424e8a95e4a11684651ff6	2024-04-02 04:18:15	2024-04-02 04:12:01	2024-03-25 10:59:00	707544b2a85c4a6381bf9ac6080db77f	Operations Account		CITY OF TUCSON BILLPAY 240325 TUCSON WATER MEN S ACTIVE 20-30 CLU				c	-3318/100	-3318/100	2024-04-02 04:12:01
===== END
===== START
B	89e3277113cc4529b34a35e48e245f21	70e72b47caac4e9193c2e10134280e03	2024-04-02 04:18:21	2024-04-02 04:12:01	2024-03-25 10:59:00	2c56b96f6cbe43a6a315b599e0dac3fa	Imbalance-USD		COX COMM PHX BANK DRAFT 032324 2kn3W5XDtboXjAS Men''s Active 20-30 Cl				n	9765/100	9765/100	1970-01-01 00:00:00
B	89e3277113cc4529b34a35e48e245f21	067f72da9e814a4eb16ec4a6e67910e9	2024-04-02 04:18:21	2024-04-02 04:12:01	2024-03-25 10:59:00	707544b2a85c4a6381bf9ac6080db77f	Operations Account		COX COMM PHX BANK DRAFT 032324 2kn3W5XDtboXjAS Men''s Active 20-30 Cl				c	-9765/100	-9765/100	2024-04-02 04:12:01
===== END
===== START
C	89e3277113cc4529b34a35e48e245f21	70e72b47caac4e9193c2e10134280e03	2024-04-02 04:18:21	2024-04-02 04:12:01	2024-03-25 10:59:00	ae760b15331d4e23895839a2dc76f047	Internet		COX COMM PHX BANK DRAFT 032324 2kn3W5XDtboXjAS Men''s Active 20-30 Cl				n	9765/100	9765/100	1970-01-01 00:00:00
C	89e3277113cc4529b34a35e48e245f21	067f72da9e814a4eb16ec4a6e67910e9	2024-04-02 04:18:21	2024-04-02 04:12:01	2024-03-25 10:59:00	707544b2a85c4a6381bf9ac6080db77f	Operations Account		COX COMM PHX BANK DRAFT 032324 2kn3W5XDtboXjAS Men''s Active 20-30 Cl				c	-9765/100	-9765/100	2024-04-02 04:12:01
===== END
===== START
B	28678ec56f3b4d3cadcf1dca27ba7d5e	c591f12bd92447b8ab283f59759ba277	2024-04-02 04:18:32	2023-08-12 21:03:06	2023-08-12 10:59:00	707544b2a85c4a6381bf9ac6080db77f	Operations Account		PAYPAL TRANSFER 230408 1026306377157 MEN S ACTIVE 20-30 CLU				n	0/100	0/100	1970-01-01 00:00:00
===== END
===== START
D	28678ec56f3b4d3cadcf1dca27ba7d5e	c591f12bd92447b8ab283f59759ba277	2024-04-02 04:18:32	2023-08-12 21:03:06	2023-08-12 10:59:00	707544b2a85c4a6381bf9ac6080db77f	Operations Account		PAYPAL TRANSFER 230408 1026306377157 MEN S ACTIVE 20-30 CLU				n	0/100	0/100	1970-01-01 00:00:00
===== END
===== START
===== END
