mod	trans_guid	split_guid	time_now	date_entered	date_posted	acc_guid	acc_name	num	description	notes	memo	action	reconciled	amount	value	date_reconciled
-----------------
===== START
C	eb5c8c28f5b843a3a81f13f32371782b	5211fe006abe498587f394df2dc6d2a8	2024-04-04 03:47:58	2024-04-04 03:47:58	2024-01-13 10:59:00	b8d3ef1af43843f1a91aa5e98a860db2	Zeffy		Q1 2024 Dues				n	12500/100	12500/100	1970-01-01 00:00:00
C	eb5c8c28f5b843a3a81f13f32371782b	2f4b167f78ea4917aa26b8cbaf50ef42	2024-04-04 03:47:58	2024-04-04 03:47:58	2024-01-13 10:59:00	22d5e00f160f462ca2a0ba02b6c0aa3b	Club Member Dues		Q1 2024 Dues				n	-12500/100	-12500/100	1970-01-01 00:00:00
===== END
===== START
===== END
===== START
===== END
===== START
C	624ba934cf814bf096230119238bc652	95732460e32f4dd7800ba82ffc3a477f	2024-04-04 03:48:06	2024-04-04 03:48:06	2024-01-13 10:59:00	b8d3ef1af43843f1a91aa5e98a860db2	Zeffy		Q1 2024 Dues				n	12500/100	12500/100	1970-01-01 00:00:00
C	624ba934cf814bf096230119238bc652	6c43ccd2572241b9aff83625f3dc3323	2024-04-04 03:48:06	2024-04-04 03:48:06	2024-01-13 10:59:00	22d5e00f160f462ca2a0ba02b6c0aa3b	Club Member Dues		Q1 2024 Dues				n	-12500/100	-12500/100	1970-01-01 00:00:00
===== END
===== START
===== END
===== START
C	ebbea67a19ed44ad9fcef353eb7b0e6b	03b9607e5638401384c8acdfc6b3176b	2024-04-04 03:48:18	2024-04-04 03:48:18	2024-01-18 10:59:00	b8d3ef1af43843f1a91aa5e98a860db2	Zeffy		Q1 2024 Dues				n	12500/100	12500/100	1970-01-01 00:00:00
C	ebbea67a19ed44ad9fcef353eb7b0e6b	ea4dd961bf0c4bdba28498777d3e5fa5	2024-04-04 03:48:18	2024-04-04 03:48:18	2024-01-18 10:59:00	22d5e00f160f462ca2a0ba02b6c0aa3b	Club Member Dues		Q1 2024 Dues				n	-12500/100	-12500/100	1970-01-01 00:00:00
===== END
===== START
===== END
===== START
C	f445884e466e4d9ab097979a08d85e51	5d98cc8badc14fceb9308088cdafc80d	2024-04-04 03:48:31	2024-04-04 03:48:31	2024-01-21 10:59:00	b8d3ef1af43843f1a91aa5e98a860db2	Zeffy		Q1 2024 Dues				n	12500/100	12500/100	1970-01-01 00:00:00
C	f445884e466e4d9ab097979a08d85e51	360918f0971c46d7b93710f7ff5d8a78	2024-04-04 03:48:31	2024-04-04 03:48:31	2024-01-21 10:59:00	22d5e00f160f462ca2a0ba02b6c0aa3b	Club Member Dues		Q1 2024 Dues				n	-12500/100	-12500/100	1970-01-01 00:00:00
===== END
===== START
===== END
===== START
C	ffc02389f0ee4526aeec3076ab783af7	884f579dc1224e19b45d213e108cc19e	2024-04-04 03:48:44	2024-04-04 03:48:44	2024-01-22 10:59:00	b8d3ef1af43843f1a91aa5e98a860db2	Zeffy		Q1 2024 Dues				n	12500/100	12500/100	1970-01-01 00:00:00
C	ffc02389f0ee4526aeec3076ab783af7	8ce01e402f9646b78eed09b7b2ac42f3	2024-04-04 03:48:44	2024-04-04 03:48:44	2024-01-22 10:59:00	22d5e00f160f462ca2a0ba02b6c0aa3b	Club Member Dues		Q1 2024 Dues				n	-12500/100	-12500/100	1970-01-01 00:00:00
===== END
===== START
===== END
===== START
C	dfe18e47b0554832a8647fdae4d3ba12	492c1ba76b084e9685a59c9f9cd4bfac	2024-04-04 03:48:55	2024-04-04 03:48:55	2024-01-22 10:59:00	b8d3ef1af43843f1a91aa5e98a860db2	Zeffy		Q1 2024 Dues				n	12500/100	12500/100	1970-01-01 00:00:00
C	dfe18e47b0554832a8647fdae4d3ba12	2965102d68ae4b1abd1f053dd59ff568	2024-04-04 03:48:55	2024-04-04 03:48:55	2024-01-22 10:59:00	22d5e00f160f462ca2a0ba02b6c0aa3b	Club Member Dues		Q1 2024 Dues				n	-12500/100	-12500/100	1970-01-01 00:00:00
===== END
===== START
===== END
===== START
C	05359a99e8fe44fabf699f50abd6ff3c	2100b8f9b5824234b6198336d05d6e26	2024-04-04 03:49:07	2024-04-04 03:49:07	2024-01-25 10:59:00	b8d3ef1af43843f1a91aa5e98a860db2	Zeffy		Q1 2024 Dues				n	12500/100	12500/100	1970-01-01 00:00:00
C	05359a99e8fe44fabf699f50abd6ff3c	b5040af46f794f0c8e2273c3b92cac07	2024-04-04 03:49:07	2024-04-04 03:49:07	2024-01-25 10:59:00	22d5e00f160f462ca2a0ba02b6c0aa3b	Club Member Dues		Q1 2024 Dues				n	-12500/100	-12500/100	1970-01-01 00:00:00
===== END
===== START
B	c8fb727cec3b4d27b5b88888531ed797	7c49ca42b3e149e29fedd96c8bd06206	2024-04-04 03:50:34	2024-04-02 04:12:01	2024-02-05 10:59:00	707544b2a85c4a6381bf9ac6080db77f	Operations Account		Zeffy US Zeffy US ST-Y4U2N6J6R5O3 ACTIVE 20 30 OF TUCSON				c	87500/100	87500/100	2024-04-02 04:12:01
B	c8fb727cec3b4d27b5b88888531ed797	e4eea7b4144a48f38f2e86ddc80aef62	2024-04-04 03:50:34	2024-04-02 04:12:01	2024-02-05 10:59:00	2c56b96f6cbe43a6a315b599e0dac3fa	Imbalance-USD		Zeffy US Zeffy US ST-Y4U2N6J6R5O3 ACTIVE 20 30 OF TUCSON				n	-87500/100	-87500/100	1970-01-01 00:00:00
===== END
===== START
C	c8fb727cec3b4d27b5b88888531ed797	7c49ca42b3e149e29fedd96c8bd06206	2024-04-04 03:51:12	2024-04-02 04:12:01	2024-02-05 10:59:00	707544b2a85c4a6381bf9ac6080db77f	Operations Account		Zeffy US Zeffy US ST-Y4U2N6J6R5O3 ACTIVE 20 30 OF TUCSON				c	87500/100	87500/100	2024-04-02 04:12:01
C	c8fb727cec3b4d27b5b88888531ed797	e4eea7b4144a48f38f2e86ddc80aef62	2024-04-04 03:51:12	2024-04-02 04:12:01	2024-02-05 10:59:00	b8d3ef1af43843f1a91aa5e98a860db2	Zeffy		Zeffy US Zeffy US ST-Y4U2N6J6R5O3 ACTIVE 20 30 OF TUCSON				n	-87500/100	-87500/100	1970-01-01 00:00:00
===== END
===== START
B	162a5b2b423f42abbd68565bec2db290	9c08cfa37b0a4e75b741a241c22fbb0b	2024-04-04 03:52:04	2024-04-02 04:12:01	2024-03-04 10:59:00	707544b2a85c4a6381bf9ac6080db77f	Operations Account		Zeffy US Zeffy US ST-X0M4R4I5G7L2 ACTIVE 20 30 OF TUCSON				c	12500/100	12500/100	2024-04-02 04:12:01
B	162a5b2b423f42abbd68565bec2db290	30b8b2dd5e804770adfcda0ad8f72615	2024-04-04 03:52:04	2024-04-02 04:12:01	2024-03-04 10:59:00	2c56b96f6cbe43a6a315b599e0dac3fa	Imbalance-USD		Zeffy US Zeffy US ST-X0M4R4I5G7L2 ACTIVE 20 30 OF TUCSON				n	-12500/100	-12500/100	1970-01-01 00:00:00
===== END
===== START
C	162a5b2b423f42abbd68565bec2db290	9c08cfa37b0a4e75b741a241c22fbb0b	2024-04-04 03:52:04	2024-04-02 04:12:01	2024-03-04 10:59:00	707544b2a85c4a6381bf9ac6080db77f	Operations Account		Zeffy US Zeffy US ST-X0M4R4I5G7L2 ACTIVE 20 30 OF TUCSON				c	12500/100	12500/100	2024-04-02 04:12:01
C	162a5b2b423f42abbd68565bec2db290	30b8b2dd5e804770adfcda0ad8f72615	2024-04-04 03:52:04	2024-04-02 04:12:01	2024-03-04 10:59:00	b8d3ef1af43843f1a91aa5e98a860db2	Zeffy		Zeffy US Zeffy US ST-X0M4R4I5G7L2 ACTIVE 20 30 OF TUCSON				n	-12500/100	-12500/100	1970-01-01 00:00:00
===== END
===== START
C	b542c52b18ff48e784b332ce50b8e069	064a258224974ebc9060e5b39b13810b	2024-04-04 03:52:17	2024-04-04 03:52:17	2024-02-07 10:59:00	b8d3ef1af43843f1a91aa5e98a860db2	Zeffy		Q1 2024 Dues				n	12500/100	12500/100	1970-01-01 00:00:00
C	b542c52b18ff48e784b332ce50b8e069	49058cf0a54c47e4ab34427b96b8bf05	2024-04-04 03:52:17	2024-04-04 03:52:17	2024-02-07 10:59:00	22d5e00f160f462ca2a0ba02b6c0aa3b	Club Member Dues		Q1 2024 Dues				n	-12500/100	-12500/100	1970-01-01 00:00:00
===== END
===== START
===== END
